This file contains any messages produced by compilers while
running configure, to aid debugging if configure makes a mistake.

It was created by libgc-mono configure 6.6, which was
generated by GNU Autoconf 2.69.  Invocation command line was

  $ ./configure --disable-option-checking --prefix=/cygdrive/d/Development/Tools/mono --enable-maintainer-mode --enable-compile-warnings --host=i686-pc-mingw32 host_alias=i686-pc-mingw32 CPPFLAGS_FOR_EGLIB= CFLAGS_FOR_EGLIB= --disable-embed-check --with-libgc-threads=win32 --enable-win32-dllmain=yes --enable-parallel-mark CPPFLAGS_FOR_LIBGC=-DWINVER=0x0502 -D_WIN32_WINNT=0x0502 -D_WIN32_IE=0x0501 -D_UNICODE -DUNICODE -DWIN32_THREADS -DFD_SETSIZE=1024 -g -Wall -Wunused -Wmissing-prototypes -Wmissing-declarations -Wstrict-prototypes -Wmissing-prototypes -Wnested-externs -Wpointer-arith -Wno-cast-qual -Wwrite-strings -Wno-switch -Wno-switch-enum -Wno-unused-value CFLAGS_FOR_LIBGC= -Wno-deprecated-declarations -g -mno-tls-direct-seg-refs -DGC_BUILD -DGC_NOT_DLL --cache-file=/dev/null --srcdir=.

## --------- ##
## Platform. ##
## --------- ##

hostname = FBondi
uname -m = x86_64
uname -r = 2.2.1(0.289/5/3)
uname -s = CYGWIN_NT-6.3
uname -v = 2015-08-20 11:42

/usr/bin/uname -p = unknown
/bin/uname -X     = unknown

/bin/arch              = x86_64
/usr/bin/arch -k       = unknown
/usr/convex/getsysinfo = unknown
/usr/bin/hostinfo      = unknown
/bin/machine           = unknown
/usr/bin/oslevel       = unknown
/bin/universe          = unknown

PATH: /usr/lib/ccache
PATH: /usr/local/bin
PATH: /usr/bin
PATH: /usr/sbin
PATH: /cygdrive/c/Program Files (x86)/Mono/bin
PATH: D
PATH: \Development\Tools\bin
PATH: $PATH


## ----------- ##
## Core tests. ##
## ----------- ##

configure:2459: checking for a BSD-compatible install
configure:2527: result: /usr/bin/install -c
configure:2538: checking whether build environment is sane
configure:2593: result: yes
configure:2652: checking for i686-pc-mingw32-strip
configure:2668: found /usr/bin/i686-pc-mingw32-strip
configure:2679: result: i686-pc-mingw32-strip
configure:2744: checking for a thread-safe mkdir -p
configure:2783: result: /usr/bin/mkdir -p
configure:2790: checking for gawk
configure:2806: found /usr/bin/gawk
configure:2817: result: gawk
configure:2828: checking whether make sets $(MAKE)
configure:2850: result: yes
configure:2879: checking whether make supports nested variables
configure:2896: result: yes
configure:3018: checking build system type
configure:3032: result: x86_64-unknown-cygwin
configure:3052: checking host system type
configure:3065: result: i686-pc-mingw32
configure:3097: checking for i686-pc-mingw32-gcc
configure:3113: found /usr/lib/ccache/i686-pc-mingw32-gcc
configure:3124: result: i686-pc-mingw32-gcc
configure:3393: checking for C compiler version
configure:3402: i686-pc-mingw32-gcc --version >&5
i686-pc-mingw32-gcc (GCC) 4.7.3
Copyright (C) 2012 Free Software Foundation, Inc.
This is free software; see the source for copying conditions.  There is NO
warranty; not even for MERCHANTABILITY or FITNESS FOR A PARTICULAR PURPOSE.

configure:3413: $? = 0
configure:3402: i686-pc-mingw32-gcc -v >&5
Using built-in specs.
COLLECT_GCC=/usr/bin/./i686-pc-mingw32-gcc
COLLECT_LTO_WRAPPER=/usr/lib/gcc/i686-pc-mingw32/4.7.3/lto-wrapper.exe
Target: i686-pc-mingw32
Configured with: /usr/src/packages/mingw-gcc/64/mingw-gcc-4.7.3-1/src/gcc-4.7.3/configure --srcdir=/usr/src/packages/mingw-gcc/64/mingw-gcc-4.7.3-1/src/gcc-4.7.3 --prefix=/usr --exec-prefix=/usr --bindir=/usr/bin --sbindir=/usr/sbin --libexecdir=/usr/lib --datadir=/usr/share --localstatedir=/var --sysconfdir=/etc --datarootdir=/usr/share --docdir=/usr/share/doc/mingw-gcc -C --build=x86_64-pc-cygwin --host=x86_64-pc-cygwin --target=i686-pc-mingw32 --without-libiconv-prefix --without-libintl-prefix --with-sysroot=/usr/i686-pc-mingw32/sys-root --with-build-sysroot=/usr/i686-pc-mingw32/sys-root --enable-languages=c,c++,fortran,objc,obj-c++ --disable-sjlj-exceptions --with-dwarf2 --enable-shared --enable-libgomp --disable-win32-registry --enable-libstdcxx-debug --disable-build-poststage1-with-cxx --enable-version-specific-runtime-libs --disable-multilib --enable-decimal-float=bid --disable-werror --enable-lto
Thread model: win32
gcc version 4.7.3 (GCC) 
configure:3413: $? = 0
configure:3402: i686-pc-mingw32-gcc -V >&5
i686-pc-mingw32-gcc: error: unrecognized command line option '-V'
i686-pc-mingw32-gcc: fatal error: no input files
compilation terminated.
configure:3413: $? = 1
configure:3402: i686-pc-mingw32-gcc -qversion >&5
i686-pc-mingw32-gcc: error: unrecognized command line option '-qversion'
i686-pc-mingw32-gcc: fatal error: no input files
compilation terminated.
configure:3413: $? = 1
configure:3433: checking whether the C compiler works
configure:3455: i686-pc-mingw32-gcc    conftest.c  >&5
configure:3459: $? = 0
configure:3507: result: yes
configure:3510: checking for C compiler default output file name
configure:3512: result: a.exe
configure:3518: checking for suffix of executables
configure:3525: i686-pc-mingw32-gcc -o conftest.exe    conftest.c  >&5
configure:3529: $? = 0
configure:3551: result: .exe
configure:3573: checking whether we are cross compiling
configure:3581: i686-pc-mingw32-gcc -o conftest.exe    conftest.c  >&5
configure:3585: $? = 0
configure:3592: ./conftest.exe
configure:3596: $? = 0
configure:3611: result: no
configure:3616: checking for suffix of object files
configure:3638: i686-pc-mingw32-gcc -c   conftest.c >&5
configure:3642: $? = 0
configure:3663: result: o
configure:3667: checking whether we are using the GNU C compiler
configure:3686: i686-pc-mingw32-gcc -c   conftest.c >&5
configure:3686: $? = 0
configure:3695: result: yes
configure:3704: checking whether i686-pc-mingw32-gcc accepts -g
configure:3724: i686-pc-mingw32-gcc -c -g  conftest.c >&5
configure:3724: $? = 0
configure:3765: result: yes
configure:3782: checking for i686-pc-mingw32-gcc option to accept ISO C89
configure:3845: i686-pc-mingw32-gcc  -c -g -O2  conftest.c >&5
configure:3845: $? = 0
configure:3858: result: none needed
configure:3883: checking whether i686-pc-mingw32-gcc understands -c and -o together
configure:3905: i686-pc-mingw32-gcc -c conftest.c -o conftest2.o
configure:3908: $? = 0
configure:3905: i686-pc-mingw32-gcc -c conftest.c -o conftest2.o
configure:3908: $? = 0
configure:3920: result: yes
configure:3948: checking for style of include used by make
configure:3976: result: GNU
configure:4002: checking dependency style of i686-pc-mingw32-gcc
configure:4113: result: gcc3
configure:4142: checking for i686-pc-mingw32-g++
configure:4158: found /usr/lib/ccache/i686-pc-mingw32-g++
configure:4169: result: i686-pc-mingw32-g++
configure:4240: checking for C++ compiler version
configure:4249: i686-pc-mingw32-g++ --version >&5
i686-pc-mingw32-g++ (GCC) 4.7.3
Copyright (C) 2012 Free Software Foundation, Inc.
This is free software; see the source for copying conditions.  There is NO
warranty; not even for MERCHANTABILITY or FITNESS FOR A PARTICULAR PURPOSE.

configure:4260: $? = 0
configure:4249: i686-pc-mingw32-g++ -v >&5
Using built-in specs.
COLLECT_GCC=/usr/bin/./i686-pc-mingw32-g++
COLLECT_LTO_WRAPPER=/usr/lib/gcc/i686-pc-mingw32/4.7.3/lto-wrapper.exe
Target: i686-pc-mingw32
Configured with: /usr/src/packages/mingw-gcc/64/mingw-gcc-4.7.3-1/src/gcc-4.7.3/configure --srcdir=/usr/src/packages/mingw-gcc/64/mingw-gcc-4.7.3-1/src/gcc-4.7.3 --prefix=/usr --exec-prefix=/usr --bindir=/usr/bin --sbindir=/usr/sbin --libexecdir=/usr/lib --datadir=/usr/share --localstatedir=/var --sysconfdir=/etc --datarootdir=/usr/share --docdir=/usr/share/doc/mingw-gcc -C --build=x86_64-pc-cygwin --host=x86_64-pc-cygwin --target=i686-pc-mingw32 --without-libiconv-prefix --without-libintl-prefix --with-sysroot=/usr/i686-pc-mingw32/sys-root --with-build-sysroot=/usr/i686-pc-mingw32/sys-root --enable-languages=c,c++,fortran,objc,obj-c++ --disable-sjlj-exceptions --with-dwarf2 --enable-shared --enable-libgomp --disable-win32-registry --enable-libstdcxx-debug --disable-build-poststage1-with-cxx --enable-version-specific-runtime-libs --disable-multilib --enable-decimal-float=bid --disable-werror --enable-lto
Thread model: win32
gcc version 4.7.3 (GCC) 
configure:4260: $? = 0
configure:4249: i686-pc-mingw32-g++ -V >&5
i686-pc-mingw32-g++: error: unrecognized command line option '-V'
i686-pc-mingw32-g++: fatal error: no input files
compilation terminated.
configure:4260: $? = 1
configure:4249: i686-pc-mingw32-g++ -qversion >&5
i686-pc-mingw32-g++: error: unrecognized command line option '-qversion'
i686-pc-mingw32-g++: fatal error: no input files
compilation terminated.
configure:4260: $? = 1
configure:4264: checking whether we are using the GNU C++ compiler
configure:4283: i686-pc-mingw32-g++ -c   conftest.cpp >&5
configure:4283: $? = 0
configure:4292: result: yes
configure:4301: checking whether i686-pc-mingw32-g++ accepts -g
configure:4321: i686-pc-mingw32-g++ -c -g  conftest.cpp >&5
configure:4321: $? = 0
configure:4362: result: yes
configure:4387: checking dependency style of i686-pc-mingw32-g++
configure:4498: result: gcc3
configure:4525: checking whether make supports nested variables
configure:4542: result: yes
configure:4563: checking dependency style of i686-pc-mingw32-gcc
configure:4672: result: gcc3
configure:4690: checking for i686-pc-mingw32-ar
configure:4706: found /usr/bin/i686-pc-mingw32-ar
configure:4717: result: i686-pc-mingw32-ar
configure:4782: checking for i686-pc-mingw32-ranlib
configure:4798: found /usr/bin/i686-pc-mingw32-ranlib
configure:4809: result: i686-pc-mingw32-ranlib
configure:4875: checking whether to enable maintainer-specific portions of Makefiles
configure:4884: result: yes
configure:5187: checking for __sync_bool_compare_and_swap
configure:5206: i686-pc-mingw32-gcc -c  -Wno-deprecated-declarations -g -mno-tls-direct-seg-refs -DGC_BUILD -DGC_NOT_DLL -DWINVER=0x0502 -D_WIN32_WINNT=0x0502 -D_WIN32_IE=0x0501 -D_UNICODE -DUNICODE -DWIN32_THREADS -DFD_SETSIZE=1024 -g -Wall -Wunused -Wmissing-prototypes -Wmissing-declarations -Wstrict-prototypes -Wmissing-prototypes -Wnested-externs -Wpointer-arith -Wno-cast-qual -Wwrite-strings -Wno-switch -Wno-switch-enum -Wno-unused-value conftest.c >&5
conftest.c:14:1: warning: function declaration isn't a prototype [-Wstrict-prototypes]
conftest.c: In function 'main':
conftest.c:18:5: warning: 'main' is normally a non-static function [-Wmain]
conftest.c: In function 'main':
conftest.c:19:18: warning: unused variable 'r1' [-Wunused-variable]
configure:5206: $? = 0
configure:5208: result: yes
configure:5221: checking for xlc
configure:5238: i686-pc-mingw32-gcc -c  -Wno-deprecated-declarations -g -mno-tls-direct-seg-refs -DGC_BUILD -DGC_NOT_DLL -DWINVER=0x0502 -D_WIN32_WINNT=0x0502 -D_WIN32_IE=0x0501 -D_UNICODE -DUNICODE -DWIN32_THREADS -DFD_SETSIZE=1024 -g -Wall -Wunused -Wmissing-prototypes -Wmissing-declarations -Wstrict-prototypes -Wmissing-prototypes -Wnested-externs -Wpointer-arith -Wno-cast-qual -Wwrite-strings -Wno-switch -Wno-switch-enum -Wno-unused-value conftest.c >&5
conftest.c:15:1: warning: function declaration isn't a prototype [-Wstrict-prototypes]
conftest.c: In function 'main':
conftest.c:19:4: error: #error 
configure:5238: $? = 1
configure: failed program was:
| /* confdefs.h */
| #define PACKAGE_NAME "libgc-mono"
| #define PACKAGE_TARNAME "libgc-mono"
| #define PACKAGE_VERSION "6.6"
| #define PACKAGE_STRING "libgc-mono 6.6"
| #define PACKAGE_BUGREPORT "Hans_Boehm@hp.com"
| #define PACKAGE_URL ""
| #define GC_WIN32_THREADS 1
| #define NO_GETENV 1
| #define GC_INSIDE_DLL 1
| #define HAS___SYNC_BOOL_COMPARE_AND_SWAP 1
| /* end confdefs.h.  */
| 
| int
| main ()
| {
| 
|  #ifndef __xlC__
|  # error
|  #endif
| 
|   ;
|   return 0;
| }
configure:5244: result: no
configure:5265: checking for dlopen in -ldl
configure:5290: i686-pc-mingw32-gcc -o conftest.exe  -Wno-deprecated-declarations -g -mno-tls-direct-seg-refs -DGC_BUILD -DGC_NOT_DLL -DWINVER=0x0502 -D_WIN32_WINNT=0x0502 -D_WIN32_IE=0x0501 -D_UNICODE -DUNICODE -DWIN32_THREADS -DFD_SETSIZE=1024 -g -Wall -Wunused -Wmissing-prototypes -Wmissing-declarations -Wstrict-prototypes -Wmissing-prototypes -Wnested-externs -Wpointer-arith -Wno-cast-qual -Wwrite-strings -Wno-switch -Wno-switch-enum -Wno-unused-value  conftest.c -ldl   >&5
conftest.c:20:1: warning: function declaration isn't a prototype [-Wstrict-prototypes]
conftest.c:22:1: warning: function declaration isn't a prototype [-Wstrict-prototypes]
/usr/lib/gcc/i686-pc-mingw32/4.7.3/../../../../i686-pc-mingw32/bin/ld: cannot find -ldl
collect2: error: ld returned 1 exit status
configure:5290: $? = 1
configure: failed program was:
| /* confdefs.h */
| #define PACKAGE_NAME "libgc-mono"
| #define PACKAGE_TARNAME "libgc-mono"
| #define PACKAGE_VERSION "6.6"
| #define PACKAGE_STRING "libgc-mono 6.6"
| #define PACKAGE_BUGREPORT "Hans_Boehm@hp.com"
| #define PACKAGE_URL ""
| #define GC_WIN32_THREADS 1
| #define NO_GETENV 1
| #define GC_INSIDE_DLL 1
| #define HAS___SYNC_BOOL_COMPARE_AND_SWAP 1
| /* end confdefs.h.  */
| 
| /* Override any GCC internal prototype to avoid an error.
|    Use char because int might match the return type of a GCC
|    builtin and then its argument prototype would still apply.  */
| #ifdef __cplusplus
| extern "C"
| #endif
| char dlopen ();
| int
| main ()
| {
| return dlopen ();
|   ;
|   return 0;
| }
configure:5299: result: no
configure:5359: checking whether to build shared libraries
configure:5400: result: yes
configure:5407: checking which machine-dependent code should be used
configure:5465: result: 
configure:5535: checking how to print strings
configure:5562: result: printf
configure:5583: checking for a sed that does not truncate output
configure:5647: result: /usr/bin/sed
configure:5665: checking for grep that handles long lines and -e
configure:5723: result: /usr/bin/grep
configure:5728: checking for egrep
configure:5790: result: /usr/bin/grep -E
configure:5795: checking for fgrep
configure:5857: result: /usr/bin/grep -F
configure:5892: checking for ld used by i686-pc-mingw32-gcc
configure:5959: result: /usr/i686-pc-mingw32/bin/ld.exe
configure:5966: checking if the linker (/usr/i686-pc-mingw32/bin/ld.exe) is GNU ld
configure:5981: result: yes
configure:5993: checking for BSD- or MS-compatible name lister (nm)
configure:6047: result: /usr/bin/i686-pc-mingw32-nm -B
configure:6177: checking the name lister (/usr/bin/i686-pc-mingw32-nm -B) interface
configure:6184: i686-pc-mingw32-gcc -c  -Wno-deprecated-declarations -g -mno-tls-direct-seg-refs -DGC_BUILD -DGC_NOT_DLL -DWINVER=0x0502 -D_WIN32_WINNT=0x0502 -D_WIN32_IE=0x0501 -D_UNICODE -DUNICODE -DWIN32_THREADS -DFD_SETSIZE=1024 -g -Wall -Wunused -Wmissing-prototypes -Wmissing-declarations -Wstrict-prototypes -Wmissing-prototypes -Wnested-externs -Wpointer-arith -Wno-cast-qual -Wwrite-strings -Wno-switch -Wno-switch-enum -Wno-unused-value conftest.c >&5
configure:6187: /usr/bin/i686-pc-mingw32-nm -B "conftest.o"
configure:6190: output
00000000 b .bss
00000000 d .data
00000000 N .debug_abbrev
00000000 N .debug_aranges
00000000 N .debug_info
00000000 N .debug_line
00000000 t .text
00000000 B _some_variable
configure:6197: result: BSD nm
configure:6200: checking whether ln -s works
configure:6204: result: yes
configure:6212: checking the maximum length of command line arguments
configure:6343: result: 8192
configure:6391: checking how to convert x86_64-unknown-cygwin file names to i686-pc-mingw32 format
configure:6431: result: func_convert_file_cygwin_to_w32
configure:6438: checking how to convert x86_64-unknown-cygwin file names to toolchain format
configure:6458: result: func_convert_file_noop
configure:6465: checking for /usr/i686-pc-mingw32/bin/ld.exe option to reload object files
configure:6472: result: -r
configure:6506: checking for i686-pc-mingw32-objdump
configure:6522: found /usr/bin/i686-pc-mingw32-objdump
configure:6533: result: i686-pc-mingw32-objdump
configure:6605: checking how to recognize dependent libraries
configure:6805: result: file_magic ^x86 archive import|^x86 DLL
configure:6850: checking for i686-pc-mingw32-dlltool
configure:6866: found /usr/bin/i686-pc-mingw32-dlltool
configure:6877: result: i686-pc-mingw32-dlltool
configure:6950: checking how to associate runtime and link libraries
configure:6977: result: func_cygming_dll_for_implib
configure:6993: checking for i686-pc-mingw32-ar
configure:7020: result: i686-pc-mingw32-ar
configure:7101: checking for archiver @FILE support
configure:7118: i686-pc-mingw32-gcc -c  -Wno-deprecated-declarations -g -mno-tls-direct-seg-refs -DGC_BUILD -DGC_NOT_DLL -DWINVER=0x0502 -D_WIN32_WINNT=0x0502 -D_WIN32_IE=0x0501 -D_UNICODE -DUNICODE -DWIN32_THREADS -DFD_SETSIZE=1024 -g -Wall -Wunused -Wmissing-prototypes -Wmissing-declarations -Wstrict-prototypes -Wmissing-prototypes -Wnested-externs -Wpointer-arith -Wno-cast-qual -Wwrite-strings -Wno-switch -Wno-switch-enum -Wno-unused-value conftest.c >&5
conftest.c:15:1: warning: function declaration isn't a prototype [-Wstrict-prototypes]
configure:7118: $? = 0
configure:7121: i686-pc-mingw32-ar cru libconftest.a @conftest.lst >&5
configure:7124: $? = 0
configure:7129: i686-pc-mingw32-ar cru libconftest.a @conftest.lst >&5
i686-pc-mingw32-ar: conftest.o: No such file or directory
configure:7132: $? = 1
configure:7144: result: @
configure:7162: checking for i686-pc-mingw32-strip
configure:7189: result: i686-pc-mingw32-strip
configure:7261: checking for i686-pc-mingw32-ranlib
configure:7288: result: i686-pc-mingw32-ranlib
configure:7430: checking command to parse /usr/bin/i686-pc-mingw32-nm -B output from i686-pc-mingw32-gcc object
configure:7583: i686-pc-mingw32-gcc -c  -Wno-deprecated-declarations -g -mno-tls-direct-seg-refs -DGC_BUILD -DGC_NOT_DLL -DWINVER=0x0502 -D_WIN32_WINNT=0x0502 -D_WIN32_IE=0x0501 -D_UNICODE -DUNICODE -DWIN32_THREADS -DFD_SETSIZE=1024 -g -Wall -Wunused -Wmissing-prototypes -Wmissing-declarations -Wstrict-prototypes -Wmissing-prototypes -Wnested-externs -Wpointer-arith -Wno-cast-qual -Wwrite-strings -Wno-switch -Wno-switch-enum -Wno-unused-value conftest.c >&5
conftest.c:10:5: warning: function declaration isn't a prototype [-Wstrict-prototypes]
configure:7586: $? = 0
configure:7590: /usr/bin/i686-pc-mingw32-nm -B conftest.o \| sed -n -e 's/^.*[ ]\([ABCDGIRSTW][ABCDGIRSTW]*\)[ ][ ]*\([_A-Za-z][_A-Za-z0-9]*\)$/\1 \2 \2/p' | sed '/ __gnu_lto/d' \> conftest.nm
configure:7593: $? = 0
cannot find nm_test_var in conftest.nm
configure:7583: i686-pc-mingw32-gcc -c  -Wno-deprecated-declarations -g -mno-tls-direct-seg-refs -DGC_BUILD -DGC_NOT_DLL -DWINVER=0x0502 -D_WIN32_WINNT=0x0502 -D_WIN32_IE=0x0501 -D_UNICODE -DUNICODE -DWIN32_THREADS -DFD_SETSIZE=1024 -g -Wall -Wunused -Wmissing-prototypes -Wmissing-declarations -Wstrict-prototypes -Wmissing-prototypes -Wnested-externs -Wpointer-arith -Wno-cast-qual -Wwrite-strings -Wno-switch -Wno-switch-enum -Wno-unused-value conftest.c >&5
conftest.c:10:5: warning: function declaration isn't a prototype [-Wstrict-prototypes]
configure:7586: $? = 0
configure:7590: /usr/bin/i686-pc-mingw32-nm -B conftest.o \| sed -n -e 's/^.*[ ]\([ABCDGIRSTW][ABCDGIRSTW]*\)[ ][ ]*_\([_A-Za-z][_A-Za-z0-9]*\)$/\1 _\2 \2/p' | sed '/ __gnu_lto/d' \> conftest.nm
configure:7593: $? = 0
configure:7659: i686-pc-mingw32-gcc -o conftest.exe  -Wno-deprecated-declarations -g -mno-tls-direct-seg-refs -DGC_BUILD -DGC_NOT_DLL -DWINVER=0x0502 -D_WIN32_WINNT=0x0502 -D_WIN32_IE=0x0501 -D_UNICODE -DUNICODE -DWIN32_THREADS -DFD_SETSIZE=1024 -g -Wall -Wunused -Wmissing-prototypes -Wmissing-declarations -Wstrict-prototypes -Wmissing-prototypes -Wnested-externs -Wpointer-arith -Wno-cast-qual -Wwrite-strings -Wno-switch -Wno-switch-enum -Wno-unused-value  conftest.c conftstm.o >&5
conftest.c:18:1: warning: function declaration isn't a prototype [-Wstrict-prototypes]
configure:7662: $? = 0
configure:7700: result: ok
configure:7747: checking for sysroot
configure:7777: result: no
configure:7784: checking for a working dd
configure:7822: result: /usr/bin/dd
configure:7826: checking how to truncate binary pipes
configure:7841: result: /usr/bin/dd bs=4096 count=1
configure:8130: checking for i686-pc-mingw32-mt
configure:8160: result: no
configure:8170: checking for mt
configure:8200: result: no
configure:8220: checking if : is a manifest tool
configure:8226: : '-?'
configure:8234: result: no
configure:8911: checking how to run the C preprocessor
configure:8942: i686-pc-mingw32-gcc -E -DWINVER=0x0502 -D_WIN32_WINNT=0x0502 -D_WIN32_IE=0x0501 -D_UNICODE -DUNICODE -DWIN32_THREADS -DFD_SETSIZE=1024 -g -Wall -Wunused -Wmissing-prototypes -Wmissing-declarations -Wstrict-prototypes -Wmissing-prototypes -Wnested-externs -Wpointer-arith -Wno-cast-qual -Wwrite-strings -Wno-switch -Wno-switch-enum -Wno-unused-value conftest.c
configure:8942: $? = 0
configure:8956: i686-pc-mingw32-gcc -E -DWINVER=0x0502 -D_WIN32_WINNT=0x0502 -D_WIN32_IE=0x0501 -D_UNICODE -DUNICODE -DWIN32_THREADS -DFD_SETSIZE=1024 -g -Wall -Wunused -Wmissing-prototypes -Wmissing-declarations -Wstrict-prototypes -Wmissing-prototypes -Wnested-externs -Wpointer-arith -Wno-cast-qual -Wwrite-strings -Wno-switch -Wno-switch-enum -Wno-unused-value conftest.c
conftest.c:13:28: fatal error: ac_nonexistent.h: No such file or directory
compilation terminated.
configure:8956: $? = 1
configure: failed program was:
| /* confdefs.h */
| #define PACKAGE_NAME "libgc-mono"
| #define PACKAGE_TARNAME "libgc-mono"
| #define PACKAGE_VERSION "6.6"
| #define PACKAGE_STRING "libgc-mono 6.6"
| #define PACKAGE_BUGREPORT "Hans_Boehm@hp.com"
| #define PACKAGE_URL ""
| #define GC_WIN32_THREADS 1
| #define NO_GETENV 1
| #define GC_INSIDE_DLL 1
| #define HAS___SYNC_BOOL_COMPARE_AND_SWAP 1
| /* end confdefs.h.  */
| #include <ac_nonexistent.h>
configure:8981: result: i686-pc-mingw32-gcc -E
configure:9001: i686-pc-mingw32-gcc -E -DWINVER=0x0502 -D_WIN32_WINNT=0x0502 -D_WIN32_IE=0x0501 -D_UNICODE -DUNICODE -DWIN32_THREADS -DFD_SETSIZE=1024 -g -Wall -Wunused -Wmissing-prototypes -Wmissing-declarations -Wstrict-prototypes -Wmissing-prototypes -Wnested-externs -Wpointer-arith -Wno-cast-qual -Wwrite-strings -Wno-switch -Wno-switch-enum -Wno-unused-value conftest.c
configure:9001: $? = 0
configure:9015: i686-pc-mingw32-gcc -E -DWINVER=0x0502 -D_WIN32_WINNT=0x0502 -D_WIN32_IE=0x0501 -D_UNICODE -DUNICODE -DWIN32_THREADS -DFD_SETSIZE=1024 -g -Wall -Wunused -Wmissing-prototypes -Wmissing-declarations -Wstrict-prototypes -Wmissing-prototypes -Wnested-externs -Wpointer-arith -Wno-cast-qual -Wwrite-strings -Wno-switch -Wno-switch-enum -Wno-unused-value conftest.c
conftest.c:13:28: fatal error: ac_nonexistent.h: No such file or directory
compilation terminated.
configure:9015: $? = 1
configure: failed program was:
| /* confdefs.h */
| #define PACKAGE_NAME "libgc-mono"
| #define PACKAGE_TARNAME "libgc-mono"
| #define PACKAGE_VERSION "6.6"
| #define PACKAGE_STRING "libgc-mono 6.6"
| #define PACKAGE_BUGREPORT "Hans_Boehm@hp.com"
| #define PACKAGE_URL ""
| #define GC_WIN32_THREADS 1
| #define NO_GETENV 1
| #define GC_INSIDE_DLL 1
| #define HAS___SYNC_BOOL_COMPARE_AND_SWAP 1
| /* end confdefs.h.  */
| #include <ac_nonexistent.h>
configure:9044: checking for ANSI C header files
configure:9064: i686-pc-mingw32-gcc -c  -Wno-deprecated-declarations -g -mno-tls-direct-seg-refs -DGC_BUILD -DGC_NOT_DLL -DWINVER=0x0502 -D_WIN32_WINNT=0x0502 -D_WIN32_IE=0x0501 -D_UNICODE -DUNICODE -DWIN32_THREADS -DFD_SETSIZE=1024 -g -Wall -Wunused -Wmissing-prototypes -Wmissing-declarations -Wstrict-prototypes -Wmissing-prototypes -Wnested-externs -Wpointer-arith -Wno-cast-qual -Wwrite-strings -Wno-switch -Wno-switch-enum -Wno-unused-value conftest.c >&5
conftest.c:19:1: warning: function declaration isn't a prototype [-Wstrict-prototypes]
configure:9064: $? = 0
configure:9137: i686-pc-mingw32-gcc -o conftest.exe  -Wno-deprecated-declarations -g -mno-tls-direct-seg-refs -DGC_BUILD -DGC_NOT_DLL -DWINVER=0x0502 -D_WIN32_WINNT=0x0502 -D_WIN32_IE=0x0501 -D_UNICODE -DUNICODE -DWIN32_THREADS -DFD_SETSIZE=1024 -g -Wall -Wunused -Wmissing-prototypes -Wmissing-declarations -Wstrict-prototypes -Wmissing-prototypes -Wnested-externs -Wpointer-arith -Wno-cast-qual -Wwrite-strings -Wno-switch -Wno-switch-enum -Wno-unused-value  conftest.c  >&5
conftest.c:25:1: warning: function declaration isn't a prototype [-Wstrict-prototypes]
configure:9137: $? = 0
configure:9137: ./conftest.exe
configure:9137: $? = 0
configure:9148: result: yes
configure:9161: checking for sys/types.h
configure:9161: i686-pc-mingw32-gcc -c  -Wno-deprecated-declarations -g -mno-tls-direct-seg-refs -DGC_BUILD -DGC_NOT_DLL -DWINVER=0x0502 -D_WIN32_WINNT=0x0502 -D_WIN32_IE=0x0501 -D_UNICODE -DUNICODE -DWIN32_THREADS -DFD_SETSIZE=1024 -g -Wall -Wunused -Wmissing-prototypes -Wmissing-declarations -Wstrict-prototypes -Wmissing-prototypes -Wnested-externs -Wpointer-arith -Wno-cast-qual -Wwrite-strings -Wno-switch -Wno-switch-enum -Wno-unused-value conftest.c >&5
configure:9161: $? = 0
configure:9161: result: yes
configure:9161: checking for sys/stat.h
configure:9161: i686-pc-mingw32-gcc -c  -Wno-deprecated-declarations -g -mno-tls-direct-seg-refs -DGC_BUILD -DGC_NOT_DLL -DWINVER=0x0502 -D_WIN32_WINNT=0x0502 -D_WIN32_IE=0x0501 -D_UNICODE -DUNICODE -DWIN32_THREADS -DFD_SETSIZE=1024 -g -Wall -Wunused -Wmissing-prototypes -Wmissing-declarations -Wstrict-prototypes -Wmissing-prototypes -Wnested-externs -Wpointer-arith -Wno-cast-qual -Wwrite-strings -Wno-switch -Wno-switch-enum -Wno-unused-value conftest.c >&5
configure:9161: $? = 0
configure:9161: result: yes
configure:9161: checking for stdlib.h
configure:9161: i686-pc-mingw32-gcc -c  -Wno-deprecated-declarations -g -mno-tls-direct-seg-refs -DGC_BUILD -DGC_NOT_DLL -DWINVER=0x0502 -D_WIN32_WINNT=0x0502 -D_WIN32_IE=0x0501 -D_UNICODE -DUNICODE -DWIN32_THREADS -DFD_SETSIZE=1024 -g -Wall -Wunused -Wmissing-prototypes -Wmissing-declarations -Wstrict-prototypes -Wmissing-prototypes -Wnested-externs -Wpointer-arith -Wno-cast-qual -Wwrite-strings -Wno-switch -Wno-switch-enum -Wno-unused-value conftest.c >&5
configure:9161: $? = 0
configure:9161: result: yes
configure:9161: checking for string.h
configure:9161: i686-pc-mingw32-gcc -c  -Wno-deprecated-declarations -g -mno-tls-direct-seg-refs -DGC_BUILD -DGC_NOT_DLL -DWINVER=0x0502 -D_WIN32_WINNT=0x0502 -D_WIN32_IE=0x0501 -D_UNICODE -DUNICODE -DWIN32_THREADS -DFD_SETSIZE=1024 -g -Wall -Wunused -Wmissing-prototypes -Wmissing-declarations -Wstrict-prototypes -Wmissing-prototypes -Wnested-externs -Wpointer-arith -Wno-cast-qual -Wwrite-strings -Wno-switch -Wno-switch-enum -Wno-unused-value conftest.c >&5
configure:9161: $? = 0
configure:9161: result: yes
configure:9161: checking for memory.h
configure:9161: i686-pc-mingw32-gcc -c  -Wno-deprecated-declarations -g -mno-tls-direct-seg-refs -DGC_BUILD -DGC_NOT_DLL -DWINVER=0x0502 -D_WIN32_WINNT=0x0502 -D_WIN32_IE=0x0501 -D_UNICODE -DUNICODE -DWIN32_THREADS -DFD_SETSIZE=1024 -g -Wall -Wunused -Wmissing-prototypes -Wmissing-declarations -Wstrict-prototypes -Wmissing-prototypes -Wnested-externs -Wpointer-arith -Wno-cast-qual -Wwrite-strings -Wno-switch -Wno-switch-enum -Wno-unused-value conftest.c >&5
configure:9161: $? = 0
configure:9161: result: yes
configure:9161: checking for strings.h
configure:9161: i686-pc-mingw32-gcc -c  -Wno-deprecated-declarations -g -mno-tls-direct-seg-refs -DGC_BUILD -DGC_NOT_DLL -DWINVER=0x0502 -D_WIN32_WINNT=0x0502 -D_WIN32_IE=0x0501 -D_UNICODE -DUNICODE -DWIN32_THREADS -DFD_SETSIZE=1024 -g -Wall -Wunused -Wmissing-prototypes -Wmissing-declarations -Wstrict-prototypes -Wmissing-prototypes -Wnested-externs -Wpointer-arith -Wno-cast-qual -Wwrite-strings -Wno-switch -Wno-switch-enum -Wno-unused-value conftest.c >&5
configure:9161: $? = 0
configure:9161: result: yes
configure:9161: checking for inttypes.h
configure:9161: i686-pc-mingw32-gcc -c  -Wno-deprecated-declarations -g -mno-tls-direct-seg-refs -DGC_BUILD -DGC_NOT_DLL -DWINVER=0x0502 -D_WIN32_WINNT=0x0502 -D_WIN32_IE=0x0501 -D_UNICODE -DUNICODE -DWIN32_THREADS -DFD_SETSIZE=1024 -g -Wall -Wunused -Wmissing-prototypes -Wmissing-declarations -Wstrict-prototypes -Wmissing-prototypes -Wnested-externs -Wpointer-arith -Wno-cast-qual -Wwrite-strings -Wno-switch -Wno-switch-enum -Wno-unused-value conftest.c >&5
configure:9161: $? = 0
configure:9161: result: yes
configure:9161: checking for stdint.h
configure:9161: i686-pc-mingw32-gcc -c  -Wno-deprecated-declarations -g -mno-tls-direct-seg-refs -DGC_BUILD -DGC_NOT_DLL -DWINVER=0x0502 -D_WIN32_WINNT=0x0502 -D_WIN32_IE=0x0501 -D_UNICODE -DUNICODE -DWIN32_THREADS -DFD_SETSIZE=1024 -g -Wall -Wunused -Wmissing-prototypes -Wmissing-declarations -Wstrict-prototypes -Wmissing-prototypes -Wnested-externs -Wpointer-arith -Wno-cast-qual -Wwrite-strings -Wno-switch -Wno-switch-enum -Wno-unused-value conftest.c >&5
configure:9161: $? = 0
configure:9161: result: yes
configure:9161: checking for unistd.h
configure:9161: i686-pc-mingw32-gcc -c  -Wno-deprecated-declarations -g -mno-tls-direct-seg-refs -DGC_BUILD -DGC_NOT_DLL -DWINVER=0x0502 -D_WIN32_WINNT=0x0502 -D_WIN32_IE=0x0501 -D_UNICODE -DUNICODE -DWIN32_THREADS -DFD_SETSIZE=1024 -g -Wall -Wunused -Wmissing-prototypes -Wmissing-declarations -Wstrict-prototypes -Wmissing-prototypes -Wnested-externs -Wpointer-arith -Wno-cast-qual -Wwrite-strings -Wno-switch -Wno-switch-enum -Wno-unused-value conftest.c >&5
configure:9161: $? = 0
configure:9161: result: yes
configure:9175: checking for dlfcn.h
configure:9175: i686-pc-mingw32-gcc -c  -Wno-deprecated-declarations -g -mno-tls-direct-seg-refs -DGC_BUILD -DGC_NOT_DLL -DWINVER=0x0502 -D_WIN32_WINNT=0x0502 -D_WIN32_IE=0x0501 -D_UNICODE -DUNICODE -DWIN32_THREADS -DFD_SETSIZE=1024 -g -Wall -Wunused -Wmissing-prototypes -Wmissing-declarations -Wstrict-prototypes -Wmissing-prototypes -Wnested-externs -Wpointer-arith -Wno-cast-qual -Wwrite-strings -Wno-switch -Wno-switch-enum -Wno-unused-value conftest.c >&5
conftest.c:57:19: fatal error: dlfcn.h: No such file or directory
compilation terminated.
configure:9175: $? = 1
configure: failed program was:
| /* confdefs.h */
| #define PACKAGE_NAME "libgc-mono"
| #define PACKAGE_TARNAME "libgc-mono"
| #define PACKAGE_VERSION "6.6"
| #define PACKAGE_STRING "libgc-mono 6.6"
| #define PACKAGE_BUGREPORT "Hans_Boehm@hp.com"
| #define PACKAGE_URL ""
| #define GC_WIN32_THREADS 1
| #define NO_GETENV 1
| #define GC_INSIDE_DLL 1
| #define HAS___SYNC_BOOL_COMPARE_AND_SWAP 1
| #define STDC_HEADERS 1
| #define HAVE_SYS_TYPES_H 1
| #define HAVE_SYS_STAT_H 1
| #define HAVE_STDLIB_H 1
| #define HAVE_STRING_H 1
| #define HAVE_MEMORY_H 1
| #define HAVE_STRINGS_H 1
| #define HAVE_INTTYPES_H 1
| #define HAVE_STDINT_H 1
| #define HAVE_UNISTD_H 1
| /* end confdefs.h.  */
| #include <stdio.h>
| #ifdef HAVE_SYS_TYPES_H
| # include <sys/types.h>
| #endif
| #ifdef HAVE_SYS_STAT_H
| # include <sys/stat.h>
| #endif
| #ifdef STDC_HEADERS
| # include <stdlib.h>
| # include <stddef.h>
| #else
| # ifdef HAVE_STDLIB_H
| #  include <stdlib.h>
| # endif
| #endif
| #ifdef HAVE_STRING_H
| # if !defined STDC_HEADERS && defined HAVE_MEMORY_H
| #  include <memory.h>
| # endif
| # include <string.h>
| #endif
| #ifdef HAVE_STRINGS_H
| # include <strings.h>
| #endif
| #ifdef HAVE_INTTYPES_H
| # include <inttypes.h>
| #endif
| #ifdef HAVE_STDINT_H
| # include <stdint.h>
| #endif
| #ifdef HAVE_UNISTD_H
| # include <unistd.h>
| #endif
| 
| #include <dlfcn.h>
configure:9175: result: no
configure:9412: checking for objdir
configure:9427: result: .libs
configure:9691: checking if i686-pc-mingw32-gcc supports -fno-rtti -fno-exceptions
configure:9709: i686-pc-mingw32-gcc -c  -Wno-deprecated-declarations -g -mno-tls-direct-seg-refs -DGC_BUILD -DGC_NOT_DLL -DWINVER=0x0502 -D_WIN32_WINNT=0x0502 -D_WIN32_IE=0x0501 -D_UNICODE -DUNICODE -DWIN32_THREADS -DFD_SETSIZE=1024 -g -Wall -Wunused -Wmissing-prototypes -Wmissing-declarations -Wstrict-prototypes -Wmissing-prototypes -Wnested-externs -Wpointer-arith -Wno-cast-qual -Wwrite-strings -Wno-switch -Wno-switch-enum -Wno-unused-value -fno-rtti -fno-exceptions conftest.c >&5
cc1: warning: command line option '-fno-rtti' is valid for C++/ObjC++ but not for C [enabled by default]
cc1: warning: command line option '-fno-rtti' is valid for C++/ObjC++ but not for C [enabled by default]
configure:9713: $? = 0
configure:9726: result: no
configure:10084: checking for i686-pc-mingw32-gcc option to produce PIC
configure:10091: result: -DDLL_EXPORT -DPIC
configure:10099: checking if i686-pc-mingw32-gcc PIC flag -DDLL_EXPORT -DPIC works
configure:10117: i686-pc-mingw32-gcc -c  -Wno-deprecated-declarations -g -mno-tls-direct-seg-refs -DGC_BUILD -DGC_NOT_DLL -DWINVER=0x0502 -D_WIN32_WINNT=0x0502 -D_WIN32_IE=0x0501 -D_UNICODE -DUNICODE -DWIN32_THREADS -DFD_SETSIZE=1024 -g -Wall -Wunused -Wmissing-prototypes -Wmissing-declarations -Wstrict-prototypes -Wmissing-prototypes -Wnested-externs -Wpointer-arith -Wno-cast-qual -Wwrite-strings -Wno-switch -Wno-switch-enum -Wno-unused-value -DDLL_EXPORT -DPIC -DPIC conftest.c >&5
configure:10121: $? = 0
configure:10134: result: yes
configure:10163: checking if i686-pc-mingw32-gcc static flag -static works
conftest.c:1:5: warning: function declaration isn't a prototype [-Wstrict-prototypes]
configure:10191: result: yes
configure:10206: checking if i686-pc-mingw32-gcc supports -c -o file.o
configure:10227: i686-pc-mingw32-gcc -c  -Wno-deprecated-declarations -g -mno-tls-direct-seg-refs -DGC_BUILD -DGC_NOT_DLL -DWINVER=0x0502 -D_WIN32_WINNT=0x0502 -D_WIN32_IE=0x0501 -D_UNICODE -DUNICODE -DWIN32_THREADS -DFD_SETSIZE=1024 -g -Wall -Wunused -Wmissing-prototypes -Wmissing-declarations -Wstrict-prototypes -Wmissing-prototypes -Wnested-externs -Wpointer-arith -Wno-cast-qual -Wwrite-strings -Wno-switch -Wno-switch-enum -Wno-unused-value -o out/conftest2.o conftest.c >&5
configure:10231: $? = 0
configure:10253: result: yes
configure:10261: checking if i686-pc-mingw32-gcc supports -c -o file.o
configure:10308: result: yes
configure:10341: checking whether the i686-pc-mingw32-gcc linker (/usr/i686-pc-mingw32/bin/ld.exe) supports shared libraries
configure:11600: result: yes
configure:11637: checking whether -lc should be explicitly linked in
configure:11645: i686-pc-mingw32-gcc -c  -Wno-deprecated-declarations -g -mno-tls-direct-seg-refs -DGC_BUILD -DGC_NOT_DLL -DWINVER=0x0502 -D_WIN32_WINNT=0x0502 -D_WIN32_IE=0x0501 -D_UNICODE -DUNICODE -DWIN32_THREADS -DFD_SETSIZE=1024 -g -Wall -Wunused -Wmissing-prototypes -Wmissing-declarations -Wstrict-prototypes -Wmissing-prototypes -Wnested-externs -Wpointer-arith -Wno-cast-qual -Wwrite-strings -Wno-switch -Wno-switch-enum -Wno-unused-value conftest.c >&5
configure:11648: $? = 0
configure:11663: i686-pc-mingw32-gcc -shared conftest.o  -v -o ./conftest -Wl,--enable-auto-image-base -Xlinker --out-implib -Xlinker conftest 2\>\&1 \| /usr/bin/grep  -lc  \>/dev/null 2\>\&1
configure:11666: $? = 1
configure:11680: result: yes
configure:11840: checking dynamic linker characteristics
configure:12658: result: Win32 ld.exe
configure:12780: checking how to hardcode library paths into programs
configure:12805: result: immediate
configure:13353: checking whether stripping libraries is possible
configure:13358: result: yes
configure:13393: checking if libtool supports shared libraries
configure:13395: result: yes
configure:13398: checking whether to build shared libraries
configure:13423: result: yes
configure:13426: checking whether to build static libraries
configure:13430: result: yes
configure:13453: checking how to run the C++ preprocessor
configure:13480: i686-pc-mingw32-g++ -E -DWINVER=0x0502 -D_WIN32_WINNT=0x0502 -D_WIN32_IE=0x0501 -D_UNICODE -DUNICODE -DWIN32_THREADS -DFD_SETSIZE=1024 -g -Wall -Wunused -Wmissing-prototypes -Wmissing-declarations -Wstrict-prototypes -Wmissing-prototypes -Wnested-externs -Wpointer-arith -Wno-cast-qual -Wwrite-strings -Wno-switch -Wno-switch-enum -Wno-unused-value conftest.cpp
cc1plus: warning: command line option '-Wstrict-prototypes' is valid for C/ObjC but not for C++ [enabled by default]
cc1plus: warning: command line option '-Wmissing-prototypes' is valid for C/ObjC but not for C++ [enabled by default]
cc1plus: warning: command line option '-Wnested-externs' is valid for C/ObjC but not for C++ [enabled by default]
configure:13480: $? = 0
configure:13494: i686-pc-mingw32-g++ -E -DWINVER=0x0502 -D_WIN32_WINNT=0x0502 -D_WIN32_IE=0x0501 -D_UNICODE -DUNICODE -DWIN32_THREADS -DFD_SETSIZE=1024 -g -Wall -Wunused -Wmissing-prototypes -Wmissing-declarations -Wstrict-prototypes -Wmissing-prototypes -Wnested-externs -Wpointer-arith -Wno-cast-qual -Wwrite-strings -Wno-switch -Wno-switch-enum -Wno-unused-value conftest.cpp
cc1plus: warning: command line option '-Wstrict-prototypes' is valid for C/ObjC but not for C++ [enabled by default]
cc1plus: warning: command line option '-Wmissing-prototypes' is valid for C/ObjC but not for C++ [enabled by default]
cc1plus: warning: command line option '-Wnested-externs' is valid for C/ObjC but not for C++ [enabled by default]
conftest.cpp:24:28: fatal error: ac_nonexistent.h: No such file or directory
compilation terminated.
configure:13494: $? = 1
configure: failed program was:
| /* confdefs.h */
| #define PACKAGE_NAME "libgc-mono"
| #define PACKAGE_TARNAME "libgc-mono"
| #define PACKAGE_VERSION "6.6"
| #define PACKAGE_STRING "libgc-mono 6.6"
| #define PACKAGE_BUGREPORT "Hans_Boehm@hp.com"
| #define PACKAGE_URL ""
| #define GC_WIN32_THREADS 1
| #define NO_GETENV 1
| #define GC_INSIDE_DLL 1
| #define HAS___SYNC_BOOL_COMPARE_AND_SWAP 1
| #define STDC_HEADERS 1
| #define HAVE_SYS_TYPES_H 1
| #define HAVE_SYS_STAT_H 1
| #define HAVE_STDLIB_H 1
| #define HAVE_STRING_H 1
| #define HAVE_MEMORY_H 1
| #define HAVE_STRINGS_H 1
| #define HAVE_INTTYPES_H 1
| #define HAVE_STDINT_H 1
| #define HAVE_UNISTD_H 1
| #define LT_OBJDIR ".libs/"
| /* end confdefs.h.  */
| #include <ac_nonexistent.h>
configure:13519: result: i686-pc-mingw32-g++ -E
configure:13539: i686-pc-mingw32-g++ -E -DWINVER=0x0502 -D_WIN32_WINNT=0x0502 -D_WIN32_IE=0x0501 -D_UNICODE -DUNICODE -DWIN32_THREADS -DFD_SETSIZE=1024 -g -Wall -Wunused -Wmissing-prototypes -Wmissing-declarations -Wstrict-prototypes -Wmissing-prototypes -Wnested-externs -Wpointer-arith -Wno-cast-qual -Wwrite-strings -Wno-switch -Wno-switch-enum -Wno-unused-value conftest.cpp
cc1plus: warning: command line option '-Wstrict-prototypes' is valid for C/ObjC but not for C++ [enabled by default]
cc1plus: warning: command line option '-Wmissing-prototypes' is valid for C/ObjC but not for C++ [enabled by default]
cc1plus: warning: command line option '-Wnested-externs' is valid for C/ObjC but not for C++ [enabled by default]
configure:13539: $? = 0
configure:13553: i686-pc-mingw32-g++ -E -DWINVER=0x0502 -D_WIN32_WINNT=0x0502 -D_WIN32_IE=0x0501 -D_UNICODE -DUNICODE -DWIN32_THREADS -DFD_SETSIZE=1024 -g -Wall -Wunused -Wmissing-prototypes -Wmissing-declarations -Wstrict-prototypes -Wmissing-prototypes -Wnested-externs -Wpointer-arith -Wno-cast-qual -Wwrite-strings -Wno-switch -Wno-switch-enum -Wno-unused-value conftest.cpp
cc1plus: warning: command line option '-Wstrict-prototypes' is valid for C/ObjC but not for C++ [enabled by default]
cc1plus: warning: command line option '-Wmissing-prototypes' is valid for C/ObjC but not for C++ [enabled by default]
cc1plus: warning: command line option '-Wnested-externs' is valid for C/ObjC but not for C++ [enabled by default]
conftest.cpp:24:28: fatal error: ac_nonexistent.h: No such file or directory
compilation terminated.
configure:13553: $? = 1
configure: failed program was:
| /* confdefs.h */
| #define PACKAGE_NAME "libgc-mono"
| #define PACKAGE_TARNAME "libgc-mono"
| #define PACKAGE_VERSION "6.6"
| #define PACKAGE_STRING "libgc-mono 6.6"
| #define PACKAGE_BUGREPORT "Hans_Boehm@hp.com"
| #define PACKAGE_URL ""
| #define GC_WIN32_THREADS 1
| #define NO_GETENV 1
| #define GC_INSIDE_DLL 1
| #define HAS___SYNC_BOOL_COMPARE_AND_SWAP 1
| #define STDC_HEADERS 1
| #define HAVE_SYS_TYPES_H 1
| #define HAVE_SYS_STAT_H 1
| #define HAVE_STDLIB_H 1
| #define HAVE_STRING_H 1
| #define HAVE_MEMORY_H 1
| #define HAVE_STRINGS_H 1
| #define HAVE_INTTYPES_H 1
| #define HAVE_STDINT_H 1
| #define HAVE_UNISTD_H 1
| #define LT_OBJDIR ".libs/"
| /* end confdefs.h.  */
| #include <ac_nonexistent.h>
configure:13715: checking for ld used by i686-pc-mingw32-g++
configure:13782: result: /usr/i686-pc-mingw32/bin/ld.exe
configure:13789: checking if the linker (/usr/i686-pc-mingw32/bin/ld.exe) is GNU ld
configure:13804: result: yes
configure:13859: checking whether the i686-pc-mingw32-g++ linker (/usr/i686-pc-mingw32/bin/ld.exe) supports shared libraries
configure:14932: result: yes
configure:14968: i686-pc-mingw32-g++ -c -g -O2 -DWINVER=0x0502 -D_WIN32_WINNT=0x0502 -D_WIN32_IE=0x0501 -D_UNICODE -DUNICODE -DWIN32_THREADS -DFD_SETSIZE=1024 -g -Wall -Wunused -Wmissing-prototypes -Wmissing-declarations -Wstrict-prototypes -Wmissing-prototypes -Wnested-externs -Wpointer-arith -Wno-cast-qual -Wwrite-strings -Wno-switch -Wno-switch-enum -Wno-unused-value conftest.cpp >&5
cc1plus: warning: command line option '-Wstrict-prototypes' is valid for C/ObjC but not for C++ [enabled by default]
cc1plus: warning: command line option '-Wmissing-prototypes' is valid for C/ObjC but not for C++ [enabled by default]
cc1plus: warning: command line option '-Wnested-externs' is valid for C/ObjC but not for C++ [enabled by default]
cc1plus: warning: command line option '-Wstrict-prototypes' is valid for C/ObjC but not for C++ [enabled by default]
cc1plus: warning: command line option '-Wmissing-prototypes' is valid for C/ObjC but not for C++ [enabled by default]
cc1plus: warning: command line option '-Wnested-externs' is valid for C/ObjC but not for C++ [enabled by default]
configure:14971: $? = 0
configure:15452: checking for i686-pc-mingw32-g++ option to produce PIC
configure:15459: result: -DDLL_EXPORT -DPIC
configure:15467: checking if i686-pc-mingw32-g++ PIC flag -DDLL_EXPORT -DPIC works
configure:15485: i686-pc-mingw32-g++ -c -g -O2 -DWINVER=0x0502 -D_WIN32_WINNT=0x0502 -D_WIN32_IE=0x0501 -D_UNICODE -DUNICODE -DWIN32_THREADS -DFD_SETSIZE=1024 -g -Wall -Wunused -Wmissing-prototypes -Wmissing-declarations -Wstrict-prototypes -Wmissing-prototypes -Wnested-externs -Wpointer-arith -Wno-cast-qual -Wwrite-strings -Wno-switch -Wno-switch-enum -Wno-unused-value -DDLL_EXPORT -DPIC -DPIC conftest.cpp >&5
cc1plus: warning: command line option '-Wstrict-prototypes' is valid for C/ObjC but not for C++ [enabled by default]
cc1plus: warning: command line option '-Wmissing-prototypes' is valid for C/ObjC but not for C++ [enabled by default]
cc1plus: warning: command line option '-Wnested-externs' is valid for C/ObjC but not for C++ [enabled by default]
cc1plus: warning: command line option '-Wstrict-prototypes' is valid for C/ObjC but not for C++ [enabled by default]
cc1plus: warning: command line option '-Wmissing-prototypes' is valid for C/ObjC but not for C++ [enabled by default]
cc1plus: warning: command line option '-Wnested-externs' is valid for C/ObjC but not for C++ [enabled by default]
configure:15489: $? = 0
configure:15502: result: yes
configure:15525: checking if i686-pc-mingw32-g++ static flag -static works
cc1plus: warning: command line option '-Wstrict-prototypes' is valid for C/ObjC but not for C++ [enabled by default]
cc1plus: warning: command line option '-Wmissing-prototypes' is valid for C/ObjC but not for C++ [enabled by default]
cc1plus: warning: command line option '-Wnested-externs' is valid for C/ObjC but not for C++ [enabled by default]
configure:15553: result: yes
configure:15565: checking if i686-pc-mingw32-g++ supports -c -o file.o
configure:15586: i686-pc-mingw32-g++ -c -g -O2 -DWINVER=0x0502 -D_WIN32_WINNT=0x0502 -D_WIN32_IE=0x0501 -D_UNICODE -DUNICODE -DWIN32_THREADS -DFD_SETSIZE=1024 -g -Wall -Wunused -Wmissing-prototypes -Wmissing-declarations -Wstrict-prototypes -Wmissing-prototypes -Wnested-externs -Wpointer-arith -Wno-cast-qual -Wwrite-strings -Wno-switch -Wno-switch-enum -Wno-unused-value -o out/conftest2.o conftest.cpp >&5
cc1plus: warning: command line option '-Wstrict-prototypes' is valid for C/ObjC but not for C++ [enabled by default]
cc1plus: warning: command line option '-Wmissing-prototypes' is valid for C/ObjC but not for C++ [enabled by default]
cc1plus: warning: command line option '-Wnested-externs' is valid for C/ObjC but not for C++ [enabled by default]
cc1plus: warning: command line option '-Wstrict-prototypes' is valid for C/ObjC but not for C++ [enabled by default]
cc1plus: warning: command line option '-Wmissing-prototypes' is valid for C/ObjC but not for C++ [enabled by default]
cc1plus: warning: command line option '-Wnested-externs' is valid for C/ObjC but not for C++ [enabled by default]
configure:15590: $? = 0
configure:15612: result: yes
configure:15617: checking if i686-pc-mingw32-g++ supports -c -o file.o
configure:15664: result: yes
configure:15694: checking whether the i686-pc-mingw32-g++ linker (/usr/i686-pc-mingw32/bin/ld.exe) supports shared libraries
configure:15734: result: yes
configure:15875: checking dynamic linker characteristics
configure:16620: result: Win32 ld.exe
configure:16685: checking how to hardcode library paths into programs
configure:16710: result: immediate
configure:16778: checking for bash
configure:16796: found /usr/bin/bash
configure:16808: result: /usr/bin/bash
configure:16816: checking if dolt supports this host
configure:16846: result: yes, replacing libtool
configure:16979: checking sys/dg_sys_info.h usability
configure:16979: i686-pc-mingw32-gcc -c  -Wno-deprecated-declarations -g -mno-tls-direct-seg-refs -DGC_BUILD -DGC_NOT_DLL -DWINVER=0x0502 -D_WIN32_WINNT=0x0502 -D_WIN32_IE=0x0501 -D_UNICODE -DUNICODE -DWIN32_THREADS -DFD_SETSIZE=1024 -g -Wall -Wunused -Wmissing-prototypes -Wmissing-declarations -Wstrict-prototypes -Wmissing-prototypes -Wnested-externs -Wpointer-arith -Wno-cast-qual -Wwrite-strings -Wno-switch -Wno-switch-enum -Wno-unused-value conftest.c >&5
conftest.c:57:29: fatal error: sys/dg_sys_info.h: No such file or directory
compilation terminated.
configure:16979: $? = 1
configure: failed program was:
| /* confdefs.h */
| #define PACKAGE_NAME "libgc-mono"
| #define PACKAGE_TARNAME "libgc-mono"
| #define PACKAGE_VERSION "6.6"
| #define PACKAGE_STRING "libgc-mono 6.6"
| #define PACKAGE_BUGREPORT "Hans_Boehm@hp.com"
| #define PACKAGE_URL ""
| #define GC_WIN32_THREADS 1
| #define NO_GETENV 1
| #define GC_INSIDE_DLL 1
| #define HAS___SYNC_BOOL_COMPARE_AND_SWAP 1
| #define STDC_HEADERS 1
| #define HAVE_SYS_TYPES_H 1
| #define HAVE_SYS_STAT_H 1
| #define HAVE_STDLIB_H 1
| #define HAVE_STRING_H 1
| #define HAVE_MEMORY_H 1
| #define HAVE_STRINGS_H 1
| #define HAVE_INTTYPES_H 1
| #define HAVE_STDINT_H 1
| #define HAVE_UNISTD_H 1
| #define LT_OBJDIR ".libs/"
| /* end confdefs.h.  */
| #include <stdio.h>
| #ifdef HAVE_SYS_TYPES_H
| # include <sys/types.h>
| #endif
| #ifdef HAVE_SYS_STAT_H
| # include <sys/stat.h>
| #endif
| #ifdef STDC_HEADERS
| # include <stdlib.h>
| # include <stddef.h>
| #else
| # ifdef HAVE_STDLIB_H
| #  include <stdlib.h>
| # endif
| #endif
| #ifdef HAVE_STRING_H
| # if !defined STDC_HEADERS && defined HAVE_MEMORY_H
| #  include <memory.h>
| # endif
| # include <string.h>
| #endif
| #ifdef HAVE_STRINGS_H
| # include <strings.h>
| #endif
| #ifdef HAVE_INTTYPES_H
| # include <inttypes.h>
| #endif
| #ifdef HAVE_STDINT_H
| # include <stdint.h>
| #endif
| #ifdef HAVE_UNISTD_H
| # include <unistd.h>
| #endif
| #include <sys/dg_sys_info.h>
configure:16979: result: no
configure:16979: checking sys/dg_sys_info.h presence
configure:16979: i686-pc-mingw32-gcc -E -DWINVER=0x0502 -D_WIN32_WINNT=0x0502 -D_WIN32_IE=0x0501 -D_UNICODE -DUNICODE -DWIN32_THREADS -DFD_SETSIZE=1024 -g -Wall -Wunused -Wmissing-prototypes -Wmissing-declarations -Wstrict-prototypes -Wmissing-prototypes -Wnested-externs -Wpointer-arith -Wno-cast-qual -Wwrite-strings -Wno-switch -Wno-switch-enum -Wno-unused-value conftest.c
conftest.c:24:29: fatal error: sys/dg_sys_info.h: No such file or directory
compilation terminated.
configure:16979: $? = 1
configure: failed program was:
| /* confdefs.h */
| #define PACKAGE_NAME "libgc-mono"
| #define PACKAGE_TARNAME "libgc-mono"
| #define PACKAGE_VERSION "6.6"
| #define PACKAGE_STRING "libgc-mono 6.6"
| #define PACKAGE_BUGREPORT "Hans_Boehm@hp.com"
| #define PACKAGE_URL ""
| #define GC_WIN32_THREADS 1
| #define NO_GETENV 1
| #define GC_INSIDE_DLL 1
| #define HAS___SYNC_BOOL_COMPARE_AND_SWAP 1
| #define STDC_HEADERS 1
| #define HAVE_SYS_TYPES_H 1
| #define HAVE_SYS_STAT_H 1
| #define HAVE_STDLIB_H 1
| #define HAVE_STRING_H 1
| #define HAVE_MEMORY_H 1
| #define HAVE_STRINGS_H 1
| #define HAVE_INTTYPES_H 1
| #define HAVE_STDINT_H 1
| #define HAVE_UNISTD_H 1
| #define LT_OBJDIR ".libs/"
| /* end confdefs.h.  */
| #include <sys/dg_sys_info.h>
configure:16979: result: no
configure:16979: checking for sys/dg_sys_info.h
configure:16979: result: no
configure:17023: checking for threads package to use
configure:17025: result: win32
configure:17028: checking whether Solaris gcc optimization fix is necessary
configure:17051: result: no
configure:17381: checking that generated files are newer than configure
configure:17387: result: done
configure:17442: creating ./config.status

## ---------------------- ##
## Running config.status. ##
## ---------------------- ##

This file was extended by libgc-mono config.status 6.6, which was
generated by GNU Autoconf 2.69.  Invocation command line was

  CONFIG_FILES    = 
  CONFIG_HEADERS  = 
  CONFIG_LINKS    = 
  CONFIG_COMMANDS = 
  $ ./config.status 

on FBondi

config.status:1136: creating Makefile
config.status:1136: creating m4/Makefile
config.status:1136: creating include/Makefile
config.status:1136: creating include/private/Makefile
config.status:1136: creating doc/Makefile
config.status:1308: executing depfiles commands
config.status:1308: executing libtool commands
config.status:1308: executing default commands

## ---------------- ##
## Cache variables. ##
## ---------------- ##

ac_cv_build=x86_64-unknown-cygwin
ac_cv_c_compiler_gnu=yes
ac_cv_cxx_compiler_gnu=yes
ac_cv_env_CCASFLAGS_set=
ac_cv_env_CCASFLAGS_value=
ac_cv_env_CCAS_set=
ac_cv_env_CCAS_value=
ac_cv_env_CCC_set=
ac_cv_env_CCC_value=
ac_cv_env_CC_set=
ac_cv_env_CC_value=
ac_cv_env_CFLAGS_set=
ac_cv_env_CFLAGS_value=
ac_cv_env_CPPFLAGS_set=
ac_cv_env_CPPFLAGS_value=
ac_cv_env_CPP_set=
ac_cv_env_CPP_value=
ac_cv_env_CXXCPP_set=
ac_cv_env_CXXCPP_value=
ac_cv_env_CXXFLAGS_set=
ac_cv_env_CXXFLAGS_value=
ac_cv_env_CXX_set=
ac_cv_env_CXX_value=
ac_cv_env_LDFLAGS_set=
ac_cv_env_LDFLAGS_value=
ac_cv_env_LIBS_set=
ac_cv_env_LIBS_value=
ac_cv_env_LT_SYS_LIBRARY_PATH_set=
ac_cv_env_LT_SYS_LIBRARY_PATH_value=
ac_cv_env_build_alias_set=
ac_cv_env_build_alias_value=
ac_cv_env_host_alias_set=set
ac_cv_env_host_alias_value=i686-pc-mingw32
ac_cv_env_target_alias_set=
ac_cv_env_target_alias_value=
ac_cv_exeext=.exe
ac_cv_header_dlfcn_h=no
ac_cv_header_inttypes_h=yes
ac_cv_header_memory_h=yes
ac_cv_header_stdc=yes
ac_cv_header_stdint_h=yes
ac_cv_header_stdlib_h=yes
ac_cv_header_string_h=yes
ac_cv_header_strings_h=yes
ac_cv_header_sys_dg_sys_info_h=no
ac_cv_header_sys_stat_h=yes
ac_cv_header_sys_types_h=yes
ac_cv_header_unistd_h=yes
ac_cv_host=i686-pc-mingw32
ac_cv_lib_dl_dlopen=no
ac_cv_objext=o
ac_cv_path_DOLT_BASH=/usr/bin/bash
ac_cv_path_EGREP='/usr/bin/grep -E'
ac_cv_path_FGREP='/usr/bin/grep -F'
ac_cv_path_GREP=/usr/bin/grep
ac_cv_path_SED=/usr/bin/sed
ac_cv_path_install='/usr/bin/install -c'
ac_cv_path_lt_DD=/usr/bin/dd
ac_cv_path_mkdir=/usr/bin/mkdir
ac_cv_prog_AR=i686-pc-mingw32-ar
ac_cv_prog_AWK=gawk
ac_cv_prog_CC=i686-pc-mingw32-gcc
ac_cv_prog_CPP='i686-pc-mingw32-gcc -E'
ac_cv_prog_CXX=i686-pc-mingw32-g++
ac_cv_prog_CXXCPP='i686-pc-mingw32-g++ -E'
ac_cv_prog_DLLTOOL=i686-pc-mingw32-dlltool
ac_cv_prog_OBJDUMP=i686-pc-mingw32-objdump
ac_cv_prog_RANLIB=i686-pc-mingw32-ranlib
ac_cv_prog_STRIP=i686-pc-mingw32-strip
ac_cv_prog_cc_c89=
ac_cv_prog_cc_g=yes
ac_cv_prog_cxx_g=yes
ac_cv_prog_make_make_set=yes
am_cv_CCAS_dependencies_compiler_type=gcc3
am_cv_CC_dependencies_compiler_type=gcc3
am_cv_CXX_dependencies_compiler_type=gcc3
am_cv_make_support_nested_variables=yes
am_cv_prog_cc_c_o=yes
lt_cv_ar_at_file=@
lt_cv_archive_cmds_need_lc=yes
lt_cv_deplibs_check_method='file_magic ^x86 archive import|^x86 DLL'
lt_cv_file_magic_cmd=func_win32_libid
lt_cv_file_magic_test_file=
lt_cv_ld_reload_flag=-r
lt_cv_nm_interface='BSD nm'
lt_cv_objdir=.libs
lt_cv_path_LD=/usr/i686-pc-mingw32/bin/ld.exe
lt_cv_path_LDCXX=/usr/i686-pc-mingw32/bin/ld.exe
lt_cv_path_NM='/usr/bin/i686-pc-mingw32-nm -B'
lt_cv_path_mainfest_tool=no
lt_cv_prog_compiler_c_o=yes
lt_cv_prog_compiler_c_o_CXX=yes
lt_cv_prog_compiler_pic='-DDLL_EXPORT -DPIC'
lt_cv_prog_compiler_pic_CXX='-DDLL_EXPORT -DPIC'
lt_cv_prog_compiler_pic_works=yes
lt_cv_prog_compiler_pic_works_CXX=yes
lt_cv_prog_compiler_rtti_exceptions=no
lt_cv_prog_compiler_static_works=yes
lt_cv_prog_compiler_static_works_CXX=yes
lt_cv_prog_gnu_ld=yes
lt_cv_prog_gnu_ldcxx=yes
lt_cv_sharedlib_from_linklib_cmd=func_cygming_dll_for_implib
lt_cv_sys_global_symbol_pipe='sed -n -e '\''s/^.*[	 ]\([ABCDGIRSTW][ABCDGIRSTW]*\)[	 ][	 ]*_\([_A-Za-z][_A-Za-z0-9]*\)$/\1 _\2 \2/p'\'' | sed '\''/ __gnu_lto/d'\'''
lt_cv_sys_global_symbol_to_c_name_address='sed -n -e '\''s/^: \(.*\) .*$/  {"\1", (void *) 0},/p'\'' -e '\''s/^[ABCDGIRSTW][ABCDGIRSTW]* .* \(.*\)$/  {"\1", (void *) \&\1},/p'\'''
lt_cv_sys_global_symbol_to_c_name_address_lib_prefix='sed -n -e '\''s/^: \(.*\) .*$/  {"\1", (void *) 0},/p'\'' -e '\''s/^[ABCDGIRSTW][ABCDGIRSTW]* .* \(lib.*\)$/  {"\1", (void *) \&\1},/p'\'' -e '\''s/^[ABCDGIRSTW][ABCDGIRSTW]* .* \(.*\)$/  {"lib\1", (void *) \&\1},/p'\'''
lt_cv_sys_global_symbol_to_cdecl='sed -n -e '\''s/^T .* \(.*\)$/extern int \1();/p'\'' -e '\''s/^[ABCDGIRSTW][ABCDGIRSTW]* .* \(.*\)$/extern char \1;/p'\'''
lt_cv_sys_global_symbol_to_import=
lt_cv_sys_max_cmd_len=8192
lt_cv_to_host_file_cmd=func_convert_file_cygwin_to_w32
lt_cv_to_tool_file_cmd=func_convert_file_noop
lt_cv_truncate_bin='/usr/bin/dd bs=4096 count=1'

## ----------------- ##
## Output variables. ##
## ----------------- ##

ACLOCAL='${SHELL} /cygdrive/e/mono2/libgc/missing aclocal-1.14'
AMDEPBACKSLASH='\'
AMDEP_FALSE='#'
AMDEP_TRUE=''
AMTAR='$${TAR-tar}'
AM_BACKSLASH='\'
AM_CPPFLAGS='-I./include'
AM_DEFAULT_V='$(AM_DEFAULT_VERBOSITY)'
AM_DEFAULT_VERBOSITY='0'
AM_V='$(V)'
AR='i686-pc-mingw32-ar'
AUTOCONF='${SHELL} /cygdrive/e/mono2/libgc/missing autoconf'
AUTOHEADER='${SHELL} /cygdrive/e/mono2/libgc/missing autoheader'
AUTOMAKE='${SHELL} /cygdrive/e/mono2/libgc/missing automake-1.14'
AWK='gawk'
CC='i686-pc-mingw32-gcc'
CCAS='i686-pc-mingw32-gcc'
CCASDEPMODE='depmode=gcc3'
CCASFLAGS='-g -O2'
CCDEPMODE='depmode=gcc3'
CFLAGS=' -Wno-deprecated-declarations -g -mno-tls-direct-seg-refs -DGC_BUILD -DGC_NOT_DLL'
COMPILER_XLC_FALSE=''
COMPILER_XLC_TRUE='#'
CPLUSPLUS_FALSE=''
CPLUSPLUS_TRUE='#'
CPP='i686-pc-mingw32-gcc -E'
CPPFLAGS='-DWINVER=0x0502 -D_WIN32_WINNT=0x0502 -D_WIN32_IE=0x0501 -D_UNICODE -DUNICODE -DWIN32_THREADS -DFD_SETSIZE=1024 -g -Wall -Wunused -Wmissing-prototypes -Wmissing-declarations -Wstrict-prototypes -Wmissing-prototypes -Wnested-externs -Wpointer-arith -Wno-cast-qual -Wwrite-strings -Wno-switch -Wno-switch-enum -Wno-unused-value'
CXX='i686-pc-mingw32-g++'
CXXCPP='i686-pc-mingw32-g++ -E'
CXXDEPMODE='depmode=gcc3'
CXXFLAGS='-g -O2'
CXXINCLUDES=''
CYGPATH_W='cygpath -w'
DEFS='-DPACKAGE_NAME=\"libgc-mono\" -DPACKAGE_TARNAME=\"libgc-mono\" -DPACKAGE_VERSION=\"6.6\" -DPACKAGE_STRING=\"libgc-mono\ 6.6\" -DPACKAGE_BUGREPORT=\"Hans_Boehm@hp.com\" -DPACKAGE_URL=\"\" -DGC_WIN32_THREADS=1 -DNO_GETENV=1 -DGC_INSIDE_DLL=1 -DHAS___SYNC_BOOL_COMPARE_AND_SWAP=1 -DSTDC_HEADERS=1 -DHAVE_SYS_TYPES_H=1 -DHAVE_SYS_STAT_H=1 -DHAVE_STDLIB_H=1 -DHAVE_STRING_H=1 -DHAVE_MEMORY_H=1 -DHAVE_STRINGS_H=1 -DHAVE_INTTYPES_H=1 -DHAVE_STDINT_H=1 -DHAVE_UNISTD_H=1 -DLT_OBJDIR=\".libs/\" -DSILENT=1 -DNO_SIGNALS=1 -DNO_EXECUTE_PERMISSION=1 -DJAVA_FINALIZATION=1 -DGC_GCJ_SUPPORT=1 -DATOMIC_UNCOLLECTABLE=1 -D_IN_LIBGC=1'
DEPDIR='.deps'
DLLTOOL='i686-pc-mingw32-dlltool'
DOLT_BASH='/usr/bin/bash'
DSYMUTIL=''
DUMPBIN=''
ECHO_C=''
ECHO_N='-n'
ECHO_T=''
EGREP='/usr/bin/grep -E'
EXEEXT='.exe'
EXTRA_TEST_LIBS=''
FGREP='/usr/bin/grep -F'
GC_CFLAGS=''
GC_VERSION=''
GREP='/usr/bin/grep'
INSTALL_DATA='${INSTALL} -m 644'
INSTALL_PROGRAM='${INSTALL}'
INSTALL_SCRIPT='${INSTALL}'
INSTALL_STRIP_PROGRAM='$(install_sh) -c -s'
LD='/usr/i686-pc-mingw32/bin/ld.exe'
LDFLAGS=''
LIBOBJS=''
LIBS=''
LIBTOOL='$(top_builddir)/doltlibtool'
LIPO=''
LN_S='ln -s'
LTCOMPILE='$(top_builddir)/doltcompile $(COMPILE)'
LTCXXCOMPILE='$(top_builddir)/doltcompile $(CXXCOMPILE)'
LTLIBOBJS=''
LT_SYS_LIBRARY_PATH=''
MAINT=''
MAINTAINER_MODE_FALSE='#'
MAINTAINER_MODE_TRUE=''
MAKEINFO='${SHELL} /cygdrive/e/mono2/libgc/missing makeinfo'
MANIFEST_TOOL=':'
MKDIR_P='/usr/bin/mkdir -p'
MY_CFLAGS=' -Wno-deprecated-declarations -g -mno-tls-direct-seg-refs -DGC_BUILD -DGC_NOT_DLL'
NM='/usr/bin/i686-pc-mingw32-nm -B'
NMEDIT=''
OBJDUMP='i686-pc-mingw32-objdump'
OBJEXT='o'
OTOOL64=''
OTOOL=''
PACKAGE='libgc-mono'
PACKAGE_BUGREPORT='Hans_Boehm@hp.com'
PACKAGE_NAME='libgc-mono'
PACKAGE_STRING='libgc-mono 6.6'
PACKAGE_TARNAME='libgc-mono'
PACKAGE_URL=''
PACKAGE_VERSION='6.6'
PATH_SEPARATOR=':'
POWERPC_DARWIN_FALSE=''
POWERPC_DARWIN_TRUE='#'
RANLIB='i686-pc-mingw32-ranlib'
SED='/usr/bin/sed'
SET_MAKE=''
SHELL='/bin/sh'
STRIP='i686-pc-mingw32-strip'
TARGET_IA64_FALSE=''
TARGET_IA64_TRUE='#'
THREADDLLIBS=''
UNWINDLIBS=''
USE_LIBDIR_FALSE='#'
USE_LIBDIR_TRUE=''
VERSION='6.6'
WERROR_CFLAGS=''
ac_ct_AR=''
ac_ct_CC=''
ac_ct_CXX=''
ac_ct_DUMPBIN=''
addincludes=''
addlibs=''
addtests=''
am__EXEEXT_FALSE='#'
am__EXEEXT_TRUE=''
am__fastdepCCAS_FALSE='#'
am__fastdepCCAS_TRUE=''
am__fastdepCC_FALSE='#'
am__fastdepCC_TRUE=''
am__fastdepCXX_FALSE='#'
am__fastdepCXX_TRUE=''
am__include='include'
am__isrc=''
am__leading_dot='.'
am__nodep='_no'
am__quote=''
am__tar='$${TAR-tar} chof - "$$tardir"'
am__untar='$${TAR-tar} xf -'
bindir='${exec_prefix}/bin'
build='x86_64-unknown-cygwin'
build_alias=''
build_cpu='x86_64'
build_os='cygwin'
build_vendor='unknown'
datadir='${datarootdir}'
datarootdir='${prefix}/share'
docdir='${datarootdir}/doc/${PACKAGE_TARNAME}'
dvidir='${docdir}'
exec_prefix='${prefix}'
host='i686-pc-mingw32'
host_alias='i686-pc-mingw32'
host_cpu='i686'
host_os='mingw32'
host_vendor='pc'
htmldir='${docdir}'
includedir='${prefix}/include'
infodir='${datarootdir}/info'
install_sh='${SHELL} /cygdrive/e/mono2/libgc/install-sh'
libdir='${exec_prefix}/lib'
libexecdir='${exec_prefix}/libexec'
localedir='${datarootdir}/locale'
localstatedir='${prefix}/var'
mandir='${datarootdir}/man'
mkdir_p='$(MKDIR_P)'
oldincludedir='/usr/include'
pdfdir='${docdir}'
prefix='/cygdrive/d/Development/Tools/mono'
program_transform_name='s,x,x,'
psdir='${docdir}'
sbindir='${exec_prefix}/sbin'
sharedstatedir='${prefix}/com'
sysconfdir='${prefix}/etc'
target_alias=''
target_all='libgc.la'

## ----------- ##
## confdefs.h. ##
## ----------- ##

/* confdefs.h */
#define PACKAGE_NAME "libgc-mono"
#define PACKAGE_TARNAME "libgc-mono"
#define PACKAGE_VERSION "6.6"
#define PACKAGE_STRING "libgc-mono 6.6"
#define PACKAGE_BUGREPORT "Hans_Boehm@hp.com"
#define PACKAGE_URL ""
#define GC_WIN32_THREADS 1
#define NO_GETENV 1
#define GC_INSIDE_DLL 1
#define HAS___SYNC_BOOL_COMPARE_AND_SWAP 1
#define STDC_HEADERS 1
#define HAVE_SYS_TYPES_H 1
#define HAVE_SYS_STAT_H 1
#define HAVE_STDLIB_H 1
#define HAVE_STRING_H 1
#define HAVE_MEMORY_H 1
#define HAVE_STRINGS_H 1
#define HAVE_INTTYPES_H 1
#define HAVE_STDINT_H 1
#define HAVE_UNISTD_H 1
#define LT_OBJDIR ".libs/"
#define SILENT 1
#define NO_SIGNALS 1
#define NO_EXECUTE_PERMISSION 1
#define JAVA_FINALIZATION 1
#define GC_GCJ_SUPPORT 1
#define ATOMIC_UNCOLLECTABLE 1
#define _IN_LIBGC 1

configure: exit 0
