This file contains any messages produced by compilers while
running configure, to aid debugging if configure makes a mistake.

It was created by eglib configure 0.3, which was
generated by GNU Autoconf 2.69.  Invocation command line was

  $ ./configure --disable-option-checking --prefix=/cygdrive/d/Development/Tools/mono --enable-maintainer-mode --enable-compile-warnings --host=i686-pc-mingw32 host_alias=i686-pc-mingw32 CPPFLAGS_FOR_EGLIB= CFLAGS_FOR_EGLIB= --disable-embed-check --with-libgc-threads=win32 --enable-win32-dllmain=yes --enable-parallel-mark CPPFLAGS_FOR_LIBGC=-DWINVER=0x0502 -D_WIN32_WINNT=0x0502 -D_WIN32_IE=0x0501 -D_UNICODE -DUNICODE -DWIN32_THREADS -DFD_SETSIZE=1024 -g -Wall -Wunused -Wmissing-prototypes -Wmissing-declarations -Wstrict-prototypes -Wmissing-prototypes -Wnested-externs -Wpointer-arith -Wno-cast-qual -Wwrite-strings -Wno-switch -Wno-switch-enum -Wno-unused-value CFLAGS_FOR_LIBGC= -Wno-deprecated-declarations -g -mno-tls-direct-seg-refs -DGC_BUILD -DGC_NOT_DLL --cache-file=/dev/null --srcdir=.

## --------- ##
## Platform. ##
## --------- ##

hostname = FBondi
uname -m = x86_64
uname -r = 2.2.1(0.289/5/3)
uname -s = CYGWIN_NT-6.3
uname -v = 2015-08-20 11:42

/usr/bin/uname -p = unknown
/bin/uname -X     = unknown

/bin/arch              = x86_64
/usr/bin/arch -k       = unknown
/usr/convex/getsysinfo = unknown
/usr/bin/hostinfo      = unknown
/bin/machine           = unknown
/usr/bin/oslevel       = unknown
/bin/universe          = unknown

PATH: /usr/lib/ccache
PATH: /usr/local/bin
PATH: /usr/bin
PATH: /usr/sbin
PATH: /cygdrive/c/Program Files (x86)/Mono/bin
PATH: D
PATH: \Development\Tools\bin
PATH: $PATH


## ----------- ##
## Core tests. ##
## ----------- ##

configure:2495: checking build system type
configure:2509: result: x86_64-unknown-cygwin
configure:2529: checking host system type
configure:2542: result: i686-pc-mingw32
configure:2562: checking target system type
configure:2575: result: i686-pc-mingw32
configure:2620: checking for a BSD-compatible install
configure:2688: result: /usr/bin/install -c
configure:2699: checking whether build environment is sane
configure:2754: result: yes
configure:2813: checking for i686-pc-mingw32-strip
configure:2829: found /usr/bin/i686-pc-mingw32-strip
configure:2840: result: i686-pc-mingw32-strip
configure:2905: checking for a thread-safe mkdir -p
configure:2944: result: /usr/bin/mkdir -p
configure:2951: checking for gawk
configure:2967: found /usr/bin/gawk
configure:2978: result: gawk
configure:2989: checking whether make sets $(MAKE)
configure:3011: result: yes
configure:3040: checking whether make supports nested variables
configure:3057: result: yes
configure:3146: checking whether UID '197609' is supported by ustar format
configure:3149: result: yes
configure:3156: checking whether GID '197609' is supported by ustar format
configure:3159: result: yes
configure:3167: checking how to create a ustar tar archive
configure:3178: tar --version
tar (GNU tar) 1.28
Packaged by Cygwin (1.28-1)
Copyright (C) 2014 Free Software Foundation, Inc.
License GPLv3+: GNU GPL version 3 or later <http://gnu.org/licenses/gpl.html>.
This is free software: you are free to change and redistribute it.
There is NO WARRANTY, to the extent permitted by law.

Written by John Gilmore and Jay Fenlason.
configure:3181: $? = 0
configure:3221: tardir=conftest.dir && eval tar --format=ustar -chf - "$tardir" >conftest.tar
configure:3224: $? = 0
configure:3228: tar -xf - <conftest.tar
configure:3231: $? = 0
configure:3233: cat conftest.dir/file
GrepMe
configure:3236: $? = 0
configure:3249: result: gnutar
configure:3301: checking whether to enable maintainer-specific portions of Makefiles
configure:3310: result: yes
configure:3335: checking whether make supports nested variables
configure:3352: result: yes
configure:3372: checking for i686-pc-mingw32-gcc
configure:3388: found /usr/lib/ccache/i686-pc-mingw32-gcc
configure:3399: result: i686-pc-mingw32-gcc
configure:3668: checking for C compiler version
configure:3677: i686-pc-mingw32-gcc --version >&5
i686-pc-mingw32-gcc (GCC) 4.7.3
Copyright (C) 2012 Free Software Foundation, Inc.
This is free software; see the source for copying conditions.  There is NO
warranty; not even for MERCHANTABILITY or FITNESS FOR A PARTICULAR PURPOSE.

configure:3688: $? = 0
configure:3677: i686-pc-mingw32-gcc -v >&5
Using built-in specs.
COLLECT_GCC=/usr/bin/./i686-pc-mingw32-gcc
COLLECT_LTO_WRAPPER=/usr/lib/gcc/i686-pc-mingw32/4.7.3/lto-wrapper.exe
Target: i686-pc-mingw32
Configured with: /usr/src/packages/mingw-gcc/64/mingw-gcc-4.7.3-1/src/gcc-4.7.3/configure --srcdir=/usr/src/packages/mingw-gcc/64/mingw-gcc-4.7.3-1/src/gcc-4.7.3 --prefix=/usr --exec-prefix=/usr --bindir=/usr/bin --sbindir=/usr/sbin --libexecdir=/usr/lib --datadir=/usr/share --localstatedir=/var --sysconfdir=/etc --datarootdir=/usr/share --docdir=/usr/share/doc/mingw-gcc -C --build=x86_64-pc-cygwin --host=x86_64-pc-cygwin --target=i686-pc-mingw32 --without-libiconv-prefix --without-libintl-prefix --with-sysroot=/usr/i686-pc-mingw32/sys-root --with-build-sysroot=/usr/i686-pc-mingw32/sys-root --enable-languages=c,c++,fortran,objc,obj-c++ --disable-sjlj-exceptions --with-dwarf2 --enable-shared --enable-libgomp --disable-win32-registry --enable-libstdcxx-debug --disable-build-poststage1-with-cxx --enable-version-specific-runtime-libs --disable-multilib --enable-decimal-float=bid --disable-werror --enable-lto
Thread model: win32
gcc version 4.7.3 (GCC) 
configure:3688: $? = 0
configure:3677: i686-pc-mingw32-gcc -V >&5
i686-pc-mingw32-gcc: error: unrecognized command line option '-V'
i686-pc-mingw32-gcc: fatal error: no input files
compilation terminated.
configure:3688: $? = 1
configure:3677: i686-pc-mingw32-gcc -qversion >&5
i686-pc-mingw32-gcc: error: unrecognized command line option '-qversion'
i686-pc-mingw32-gcc: fatal error: no input files
compilation terminated.
configure:3688: $? = 1
configure:3708: checking whether the C compiler works
configure:3730: i686-pc-mingw32-gcc    conftest.c  >&5
configure:3734: $? = 0
configure:3782: result: yes
configure:3785: checking for C compiler default output file name
configure:3787: result: a.exe
configure:3793: checking for suffix of executables
configure:3800: i686-pc-mingw32-gcc -o conftest.exe    conftest.c  >&5
configure:3804: $? = 0
configure:3826: result: .exe
configure:3848: checking whether we are cross compiling
configure:3856: i686-pc-mingw32-gcc -o conftest.exe    conftest.c  >&5
configure:3860: $? = 0
configure:3867: ./conftest.exe
configure:3871: $? = 0
configure:3886: result: no
configure:3891: checking for suffix of object files
configure:3913: i686-pc-mingw32-gcc -c   conftest.c >&5
configure:3917: $? = 0
configure:3938: result: o
configure:3942: checking whether we are using the GNU C compiler
configure:3961: i686-pc-mingw32-gcc -c   conftest.c >&5
configure:3961: $? = 0
configure:3970: result: yes
configure:3979: checking whether i686-pc-mingw32-gcc accepts -g
configure:3999: i686-pc-mingw32-gcc -c -g  conftest.c >&5
configure:3999: $? = 0
configure:4040: result: yes
configure:4057: checking for i686-pc-mingw32-gcc option to accept ISO C89
configure:4120: i686-pc-mingw32-gcc  -c -g -O2  conftest.c >&5
configure:4120: $? = 0
configure:4133: result: none needed
configure:4158: checking whether i686-pc-mingw32-gcc understands -c and -o together
configure:4180: i686-pc-mingw32-gcc -c conftest.c -o conftest2.o
configure:4183: $? = 0
configure:4180: i686-pc-mingw32-gcc -c conftest.c -o conftest2.o
configure:4183: $? = 0
configure:4195: result: yes
configure:4223: checking for style of include used by make
configure:4251: result: GNU
configure:4277: checking dependency style of i686-pc-mingw32-gcc
configure:4388: result: gcc3
configure:4449: checking how to print strings
configure:4476: result: printf
configure:4497: checking for a sed that does not truncate output
configure:4561: result: /usr/bin/sed
configure:4579: checking for grep that handles long lines and -e
configure:4637: result: /usr/bin/grep
configure:4642: checking for egrep
configure:4704: result: /usr/bin/grep -E
configure:4709: checking for fgrep
configure:4771: result: /usr/bin/grep -F
configure:4806: checking for ld used by i686-pc-mingw32-gcc
configure:4873: result: /usr/i686-pc-mingw32/bin/ld.exe
configure:4880: checking if the linker (/usr/i686-pc-mingw32/bin/ld.exe) is GNU ld
configure:4895: result: yes
configure:4907: checking for BSD- or MS-compatible name lister (nm)
configure:4961: result: /usr/bin/i686-pc-mingw32-nm -B
configure:5091: checking the name lister (/usr/bin/i686-pc-mingw32-nm -B) interface
configure:5098: i686-pc-mingw32-gcc -c -g -O2  conftest.c >&5
configure:5101: /usr/bin/i686-pc-mingw32-nm -B "conftest.o"
configure:5104: output
00000000 b .bss
00000000 d .data
00000000 N .debug_abbrev
00000000 N .debug_aranges
00000000 N .debug_info
00000000 N .debug_line
00000000 t .text
00000000 B _some_variable
configure:5111: result: BSD nm
configure:5114: checking whether ln -s works
configure:5118: result: yes
configure:5126: checking the maximum length of command line arguments
configure:5257: result: 8192
configure:5305: checking how to convert x86_64-unknown-cygwin file names to i686-pc-mingw32 format
configure:5345: result: func_convert_file_cygwin_to_w32
configure:5352: checking how to convert x86_64-unknown-cygwin file names to toolchain format
configure:5372: result: func_convert_file_noop
configure:5379: checking for /usr/i686-pc-mingw32/bin/ld.exe option to reload object files
configure:5386: result: -r
configure:5420: checking for i686-pc-mingw32-objdump
configure:5436: found /usr/bin/i686-pc-mingw32-objdump
configure:5447: result: i686-pc-mingw32-objdump
configure:5519: checking how to recognize dependent libraries
configure:5719: result: file_magic ^x86 archive import|^x86 DLL
configure:5764: checking for i686-pc-mingw32-dlltool
configure:5780: found /usr/bin/i686-pc-mingw32-dlltool
configure:5791: result: i686-pc-mingw32-dlltool
configure:5864: checking how to associate runtime and link libraries
configure:5891: result: func_cygming_dll_for_implib
configure:5908: checking for i686-pc-mingw32-ar
configure:5924: found /usr/bin/i686-pc-mingw32-ar
configure:5935: result: i686-pc-mingw32-ar
configure:6016: checking for archiver @FILE support
configure:6033: i686-pc-mingw32-gcc -c -g -O2  conftest.c >&5
configure:6033: $? = 0
configure:6036: i686-pc-mingw32-ar cru libconftest.a @conftest.lst >&5
configure:6039: $? = 0
configure:6044: i686-pc-mingw32-ar cru libconftest.a @conftest.lst >&5
i686-pc-mingw32-ar: conftest.o: No such file or directory
configure:6047: $? = 1
configure:6059: result: @
configure:6077: checking for i686-pc-mingw32-strip
configure:6104: result: i686-pc-mingw32-strip
configure:6176: checking for i686-pc-mingw32-ranlib
configure:6192: found /usr/bin/i686-pc-mingw32-ranlib
configure:6203: result: i686-pc-mingw32-ranlib
configure:6345: checking command to parse /usr/bin/i686-pc-mingw32-nm -B output from i686-pc-mingw32-gcc object
configure:6498: i686-pc-mingw32-gcc -c -g -O2  conftest.c >&5
configure:6501: $? = 0
configure:6505: /usr/bin/i686-pc-mingw32-nm -B conftest.o \| sed -n -e 's/^.*[ ]\([ABCDGIRSTW][ABCDGIRSTW]*\)[ ][ ]*\([_A-Za-z][_A-Za-z0-9]*\)$/\1 \2 \2/p' | sed '/ __gnu_lto/d' \> conftest.nm
configure:6508: $? = 0
cannot find nm_test_var in conftest.nm
configure:6498: i686-pc-mingw32-gcc -c -g -O2  conftest.c >&5
configure:6501: $? = 0
configure:6505: /usr/bin/i686-pc-mingw32-nm -B conftest.o \| sed -n -e 's/^.*[ ]\([ABCDGIRSTW][ABCDGIRSTW]*\)[ ][ ]*_\([_A-Za-z][_A-Za-z0-9]*\)$/\1 _\2 \2/p' | sed '/ __gnu_lto/d' \> conftest.nm
configure:6508: $? = 0
configure:6574: i686-pc-mingw32-gcc -o conftest.exe -g -O2   conftest.c conftstm.o >&5
configure:6577: $? = 0
configure:6615: result: ok
configure:6662: checking for sysroot
configure:6692: result: no
configure:6699: checking for a working dd
configure:6737: result: /usr/bin/dd
configure:6741: checking how to truncate binary pipes
configure:6756: result: /usr/bin/dd bs=4096 count=1
configure:7045: checking for i686-pc-mingw32-mt
configure:7075: result: no
configure:7085: checking for mt
configure:7115: result: no
configure:7135: checking if : is a manifest tool
configure:7141: : '-?'
configure:7149: result: no
configure:7826: checking how to run the C preprocessor
configure:7857: i686-pc-mingw32-gcc -E  conftest.c
configure:7857: $? = 0
configure:7871: i686-pc-mingw32-gcc -E  conftest.c
conftest.c:11:28: fatal error: ac_nonexistent.h: No such file or directory
compilation terminated.
configure:7871: $? = 1
configure: failed program was:
| /* confdefs.h */
| #define PACKAGE_NAME "eglib"
| #define PACKAGE_TARNAME "eglib"
| #define PACKAGE_VERSION "0.3"
| #define PACKAGE_STRING "eglib 0.3"
| #define PACKAGE_BUGREPORT "http://bugzilla.xamarin.com/enter_bug.cgi?classification=Mono"
| #define PACKAGE_URL ""
| #define PACKAGE "eglib"
| #define VERSION "0.3"
| /* end confdefs.h.  */
| #include <ac_nonexistent.h>
configure:7896: result: i686-pc-mingw32-gcc -E
configure:7916: i686-pc-mingw32-gcc -E  conftest.c
configure:7916: $? = 0
configure:7930: i686-pc-mingw32-gcc -E  conftest.c
conftest.c:11:28: fatal error: ac_nonexistent.h: No such file or directory
compilation terminated.
configure:7930: $? = 1
configure: failed program was:
| /* confdefs.h */
| #define PACKAGE_NAME "eglib"
| #define PACKAGE_TARNAME "eglib"
| #define PACKAGE_VERSION "0.3"
| #define PACKAGE_STRING "eglib 0.3"
| #define PACKAGE_BUGREPORT "http://bugzilla.xamarin.com/enter_bug.cgi?classification=Mono"
| #define PACKAGE_URL ""
| #define PACKAGE "eglib"
| #define VERSION "0.3"
| /* end confdefs.h.  */
| #include <ac_nonexistent.h>
configure:7959: checking for ANSI C header files
configure:7979: i686-pc-mingw32-gcc -c -g -O2  conftest.c >&5
configure:7979: $? = 0
configure:8052: i686-pc-mingw32-gcc -o conftest.exe -g -O2   conftest.c  >&5
configure:8052: $? = 0
configure:8052: ./conftest.exe
configure:8052: $? = 0
configure:8063: result: yes
configure:8076: checking for sys/types.h
configure:8076: i686-pc-mingw32-gcc -c -g -O2  conftest.c >&5
configure:8076: $? = 0
configure:8076: result: yes
configure:8076: checking for sys/stat.h
configure:8076: i686-pc-mingw32-gcc -c -g -O2  conftest.c >&5
configure:8076: $? = 0
configure:8076: result: yes
configure:8076: checking for stdlib.h
configure:8076: i686-pc-mingw32-gcc -c -g -O2  conftest.c >&5
configure:8076: $? = 0
configure:8076: result: yes
configure:8076: checking for string.h
configure:8076: i686-pc-mingw32-gcc -c -g -O2  conftest.c >&5
configure:8076: $? = 0
configure:8076: result: yes
configure:8076: checking for memory.h
configure:8076: i686-pc-mingw32-gcc -c -g -O2  conftest.c >&5
configure:8076: $? = 0
configure:8076: result: yes
configure:8076: checking for strings.h
configure:8076: i686-pc-mingw32-gcc -c -g -O2  conftest.c >&5
configure:8076: $? = 0
configure:8076: result: yes
configure:8076: checking for inttypes.h
configure:8076: i686-pc-mingw32-gcc -c -g -O2  conftest.c >&5
configure:8076: $? = 0
configure:8076: result: yes
configure:8076: checking for stdint.h
configure:8076: i686-pc-mingw32-gcc -c -g -O2  conftest.c >&5
configure:8076: $? = 0
configure:8076: result: yes
configure:8076: checking for unistd.h
configure:8076: i686-pc-mingw32-gcc -c -g -O2  conftest.c >&5
configure:8076: $? = 0
configure:8076: result: yes
configure:8090: checking for dlfcn.h
configure:8090: i686-pc-mingw32-gcc -c -g -O2  conftest.c >&5
conftest.c:55:19: fatal error: dlfcn.h: No such file or directory
compilation terminated.
configure:8090: $? = 1
configure: failed program was:
| /* confdefs.h */
| #define PACKAGE_NAME "eglib"
| #define PACKAGE_TARNAME "eglib"
| #define PACKAGE_VERSION "0.3"
| #define PACKAGE_STRING "eglib 0.3"
| #define PACKAGE_BUGREPORT "http://bugzilla.xamarin.com/enter_bug.cgi?classification=Mono"
| #define PACKAGE_URL ""
| #define PACKAGE "eglib"
| #define VERSION "0.3"
| #define STDC_HEADERS 1
| #define HAVE_SYS_TYPES_H 1
| #define HAVE_SYS_STAT_H 1
| #define HAVE_STDLIB_H 1
| #define HAVE_STRING_H 1
| #define HAVE_MEMORY_H 1
| #define HAVE_STRINGS_H 1
| #define HAVE_INTTYPES_H 1
| #define HAVE_STDINT_H 1
| #define HAVE_UNISTD_H 1
| /* end confdefs.h.  */
| #include <stdio.h>
| #ifdef HAVE_SYS_TYPES_H
| # include <sys/types.h>
| #endif
| #ifdef HAVE_SYS_STAT_H
| # include <sys/stat.h>
| #endif
| #ifdef STDC_HEADERS
| # include <stdlib.h>
| # include <stddef.h>
| #else
| # ifdef HAVE_STDLIB_H
| #  include <stdlib.h>
| # endif
| #endif
| #ifdef HAVE_STRING_H
| # if !defined STDC_HEADERS && defined HAVE_MEMORY_H
| #  include <memory.h>
| # endif
| # include <string.h>
| #endif
| #ifdef HAVE_STRINGS_H
| # include <strings.h>
| #endif
| #ifdef HAVE_INTTYPES_H
| # include <inttypes.h>
| #endif
| #ifdef HAVE_STDINT_H
| # include <stdint.h>
| #endif
| #ifdef HAVE_UNISTD_H
| # include <unistd.h>
| #endif
| 
| #include <dlfcn.h>
configure:8090: result: no
configure:8346: checking for objdir
configure:8361: result: .libs
configure:8625: checking if i686-pc-mingw32-gcc supports -fno-rtti -fno-exceptions
configure:8643: i686-pc-mingw32-gcc -c -g -O2  -fno-rtti -fno-exceptions conftest.c >&5
cc1: warning: command line option '-fno-rtti' is valid for C++/ObjC++ but not for C [enabled by default]
cc1: warning: command line option '-fno-rtti' is valid for C++/ObjC++ but not for C [enabled by default]
configure:8647: $? = 0
configure:8660: result: no
configure:9018: checking for i686-pc-mingw32-gcc option to produce PIC
configure:9025: result: -DDLL_EXPORT -DPIC
configure:9033: checking if i686-pc-mingw32-gcc PIC flag -DDLL_EXPORT -DPIC works
configure:9051: i686-pc-mingw32-gcc -c -g -O2  -DDLL_EXPORT -DPIC -DPIC conftest.c >&5
configure:9055: $? = 0
configure:9068: result: yes
configure:9097: checking if i686-pc-mingw32-gcc static flag -static works
configure:9125: result: yes
configure:9140: checking if i686-pc-mingw32-gcc supports -c -o file.o
configure:9161: i686-pc-mingw32-gcc -c -g -O2  -o out/conftest2.o conftest.c >&5
configure:9165: $? = 0
configure:9187: result: yes
configure:9195: checking if i686-pc-mingw32-gcc supports -c -o file.o
configure:9242: result: yes
configure:9275: checking whether the i686-pc-mingw32-gcc linker (/usr/i686-pc-mingw32/bin/ld.exe) supports shared libraries
configure:10534: result: yes
configure:10571: checking whether -lc should be explicitly linked in
configure:10579: i686-pc-mingw32-gcc -c -g -O2  conftest.c >&5
configure:10582: $? = 0
configure:10597: i686-pc-mingw32-gcc -shared conftest.o  -v -o ./conftest -Wl,--enable-auto-image-base -Xlinker --out-implib -Xlinker conftest 2\>\&1 \| /usr/bin/grep  -lc  \>/dev/null 2\>\&1
configure:10600: $? = 1
configure:10614: result: yes
configure:10774: checking dynamic linker characteristics
configure:11592: result: Win32 ld.exe
configure:11714: checking how to hardcode library paths into programs
configure:11739: result: immediate
configure:12287: checking whether stripping libraries is possible
configure:12292: result: yes
configure:12327: checking if libtool supports shared libraries
configure:12329: result: yes
configure:12332: checking whether to build shared libraries
configure:12357: result: yes
configure:12360: checking whether to build static libraries
configure:12364: result: yes
configure:12408: checking for bash
configure:12426: found /usr/bin/bash
configure:12438: result: /usr/bin/bash
configure:12446: checking if dolt supports this host
configure:12476: result: yes, replacing libtool
configure:12638: checking whether byte ordering is bigendian
configure:12653: i686-pc-mingw32-gcc -c -g -O2 -g -D_GNU_SOURCE  conftest.c >&5
conftest.c:23:9: error: unknown type name 'not'
conftest.c:23:15: error: expected '=', ',', ';', 'asm' or '__attribute__' before 'universal'
conftest.c:23:15: error: unknown type name 'universal'
configure:12653: $? = 1
configure: failed program was:
| /* confdefs.h */
| #define PACKAGE_NAME "eglib"
| #define PACKAGE_TARNAME "eglib"
| #define PACKAGE_VERSION "0.3"
| #define PACKAGE_STRING "eglib 0.3"
| #define PACKAGE_BUGREPORT "http://bugzilla.xamarin.com/enter_bug.cgi?classification=Mono"
| #define PACKAGE_URL ""
| #define PACKAGE "eglib"
| #define VERSION "0.3"
| #define STDC_HEADERS 1
| #define HAVE_SYS_TYPES_H 1
| #define HAVE_SYS_STAT_H 1
| #define HAVE_STDLIB_H 1
| #define HAVE_STRING_H 1
| #define HAVE_MEMORY_H 1
| #define HAVE_STRINGS_H 1
| #define HAVE_INTTYPES_H 1
| #define HAVE_STDINT_H 1
| #define HAVE_UNISTD_H 1
| #define LT_OBJDIR ".libs/"
| /* end confdefs.h.  */
| #ifndef __APPLE_CC__
| 	       not a universal capable compiler
| 	     #endif
| 	     typedef int dummy;
| 
configure:12698: i686-pc-mingw32-gcc -c -g -O2 -g -D_GNU_SOURCE  conftest.c >&5
configure:12698: $? = 0
configure:12716: i686-pc-mingw32-gcc -c -g -O2 -g -D_GNU_SOURCE  conftest.c >&5
conftest.c: In function 'main':
conftest.c:29:4: error: unknown type name 'not'
conftest.c:29:12: error: expected '=', ',', ';', 'asm' or '__attribute__' before 'endian'
configure:12716: $? = 1
configure: failed program was:
| /* confdefs.h */
| #define PACKAGE_NAME "eglib"
| #define PACKAGE_TARNAME "eglib"
| #define PACKAGE_VERSION "0.3"
| #define PACKAGE_STRING "eglib 0.3"
| #define PACKAGE_BUGREPORT "http://bugzilla.xamarin.com/enter_bug.cgi?classification=Mono"
| #define PACKAGE_URL ""
| #define PACKAGE "eglib"
| #define VERSION "0.3"
| #define STDC_HEADERS 1
| #define HAVE_SYS_TYPES_H 1
| #define HAVE_SYS_STAT_H 1
| #define HAVE_STDLIB_H 1
| #define HAVE_STRING_H 1
| #define HAVE_MEMORY_H 1
| #define HAVE_STRINGS_H 1
| #define HAVE_INTTYPES_H 1
| #define HAVE_STDINT_H 1
| #define HAVE_UNISTD_H 1
| #define LT_OBJDIR ".libs/"
| /* end confdefs.h.  */
| #include <sys/types.h>
| 		#include <sys/param.h>
| 
| int
| main ()
| {
| #if BYTE_ORDER != BIG_ENDIAN
| 		 not big endian
| 		#endif
| 
|   ;
|   return 0;
| }
configure:12844: result: no
configure:13000: checking size of int
configure:13005: i686-pc-mingw32-gcc -o conftest.exe -g -O2 -g -D_GNU_SOURCE   conftest.c  >&5
configure:13005: $? = 0
configure:13005: ./conftest.exe
configure:13005: $? = 0
configure:13019: result: 4
configure:13033: checking size of void *
configure:13038: i686-pc-mingw32-gcc -o conftest.exe -g -O2 -g -D_GNU_SOURCE   conftest.c  >&5
configure:13038: $? = 0
configure:13038: ./conftest.exe
configure:13038: $? = 0
configure:13052: result: 4
configure:13066: checking size of long
configure:13071: i686-pc-mingw32-gcc -o conftest.exe -g -O2 -g -D_GNU_SOURCE   conftest.c  >&5
configure:13071: $? = 0
configure:13071: ./conftest.exe
configure:13071: $? = 0
configure:13085: result: 4
configure:13099: checking size of long long
configure:13104: i686-pc-mingw32-gcc -o conftest.exe -g -O2 -g -D_GNU_SOURCE   conftest.c  >&5
configure:13104: $? = 0
configure:13104: ./conftest.exe
configure:13104: $? = 0
configure:13118: result: 8
configure:13131: checking for strlcpy
configure:13131: i686-pc-mingw32-gcc -o conftest.exe -g -O2 -g -D_GNU_SOURCE   conftest.c  >&5
/cygdrive/c/Users/Bondi/AppData/Local/Temp/ccQUV2aZ.o: In function `main':
/cygdrive/e/mono2/eglib/conftest.c:60: undefined reference to `strlcpy'
collect2: error: ld returned 1 exit status
configure:13131: $? = 1
configure: failed program was:
| /* confdefs.h */
| #define PACKAGE_NAME "eglib"
| #define PACKAGE_TARNAME "eglib"
| #define PACKAGE_VERSION "0.3"
| #define PACKAGE_STRING "eglib 0.3"
| #define PACKAGE_BUGREPORT "http://bugzilla.xamarin.com/enter_bug.cgi?classification=Mono"
| #define PACKAGE_URL ""
| #define PACKAGE "eglib"
| #define VERSION "0.3"
| #define STDC_HEADERS 1
| #define HAVE_SYS_TYPES_H 1
| #define HAVE_SYS_STAT_H 1
| #define HAVE_STDLIB_H 1
| #define HAVE_STRING_H 1
| #define HAVE_MEMORY_H 1
| #define HAVE_STRINGS_H 1
| #define HAVE_INTTYPES_H 1
| #define HAVE_STDINT_H 1
| #define HAVE_UNISTD_H 1
| #define LT_OBJDIR ".libs/"
| #define SIZEOF_INT 4
| #define SIZEOF_VOID_P 4
| #define SIZEOF_LONG 4
| #define SIZEOF_LONG_LONG 8
| /* end confdefs.h.  */
| /* Define strlcpy to an innocuous variant, in case <limits.h> declares strlcpy.
|    For example, HP-UX 11i <limits.h> declares gettimeofday.  */
| #define strlcpy innocuous_strlcpy
| 
| /* System header to define __stub macros and hopefully few prototypes,
|     which can conflict with char strlcpy (); below.
|     Prefer <limits.h> to <assert.h> if __STDC__ is defined, since
|     <limits.h> exists even on freestanding compilers.  */
| 
| #ifdef __STDC__
| # include <limits.h>
| #else
| # include <assert.h>
| #endif
| 
| #undef strlcpy
| 
| /* Override any GCC internal prototype to avoid an error.
|    Use char because int might match the return type of a GCC
|    builtin and then its argument prototype would still apply.  */
| #ifdef __cplusplus
| extern "C"
| #endif
| char strlcpy ();
| /* The GNU C library defines this for functions which it implements
|     to always fail with ENOSYS.  Some functions are actually named
|     something starting with __ and the normal name is an alias.  */
| #if defined __stub_strlcpy || defined __stub___strlcpy
| choke me
| #endif
| 
| int
| main ()
| {
| return strlcpy ();
|   ;
|   return 0;
| }
configure:13131: result: no
configure:13131: checking for stpcpy
configure:13131: i686-pc-mingw32-gcc -o conftest.exe -g -O2 -g -D_GNU_SOURCE   conftest.c  >&5
conftest.c:49:6: warning: conflicting types for built-in function 'stpcpy' [enabled by default]
/cygdrive/c/Users/Bondi/AppData/Local/Temp/ccR1r6BA.o: In function `main':
/cygdrive/e/mono2/eglib/conftest.c:60: undefined reference to `stpcpy'
collect2: error: ld returned 1 exit status
configure:13131: $? = 1
configure: failed program was:
| /* confdefs.h */
| #define PACKAGE_NAME "eglib"
| #define PACKAGE_TARNAME "eglib"
| #define PACKAGE_VERSION "0.3"
| #define PACKAGE_STRING "eglib 0.3"
| #define PACKAGE_BUGREPORT "http://bugzilla.xamarin.com/enter_bug.cgi?classification=Mono"
| #define PACKAGE_URL ""
| #define PACKAGE "eglib"
| #define VERSION "0.3"
| #define STDC_HEADERS 1
| #define HAVE_SYS_TYPES_H 1
| #define HAVE_SYS_STAT_H 1
| #define HAVE_STDLIB_H 1
| #define HAVE_STRING_H 1
| #define HAVE_MEMORY_H 1
| #define HAVE_STRINGS_H 1
| #define HAVE_INTTYPES_H 1
| #define HAVE_STDINT_H 1
| #define HAVE_UNISTD_H 1
| #define LT_OBJDIR ".libs/"
| #define SIZEOF_INT 4
| #define SIZEOF_VOID_P 4
| #define SIZEOF_LONG 4
| #define SIZEOF_LONG_LONG 8
| /* end confdefs.h.  */
| /* Define stpcpy to an innocuous variant, in case <limits.h> declares stpcpy.
|    For example, HP-UX 11i <limits.h> declares gettimeofday.  */
| #define stpcpy innocuous_stpcpy
| 
| /* System header to define __stub macros and hopefully few prototypes,
|     which can conflict with char stpcpy (); below.
|     Prefer <limits.h> to <assert.h> if __STDC__ is defined, since
|     <limits.h> exists even on freestanding compilers.  */
| 
| #ifdef __STDC__
| # include <limits.h>
| #else
| # include <assert.h>
| #endif
| 
| #undef stpcpy
| 
| /* Override any GCC internal prototype to avoid an error.
|    Use char because int might match the return type of a GCC
|    builtin and then its argument prototype would still apply.  */
| #ifdef __cplusplus
| extern "C"
| #endif
| char stpcpy ();
| /* The GNU C library defines this for functions which it implements
|     to always fail with ENOSYS.  Some functions are actually named
|     something starting with __ and the normal name is an alias.  */
| #if defined __stub_stpcpy || defined __stub___stpcpy
| choke me
| #endif
| 
| int
| main ()
| {
| return stpcpy ();
|   ;
|   return 0;
| }
configure:13131: result: no
configure:13131: checking for strtok_r
configure:13131: i686-pc-mingw32-gcc -o conftest.exe -g -O2 -g -D_GNU_SOURCE   conftest.c  >&5
/cygdrive/c/Users/Bondi/AppData/Local/Temp/ccyRbusm.o: In function `main':
/cygdrive/e/mono2/eglib/conftest.c:60: undefined reference to `strtok_r'
collect2: error: ld returned 1 exit status
configure:13131: $? = 1
configure: failed program was:
| /* confdefs.h */
| #define PACKAGE_NAME "eglib"
| #define PACKAGE_TARNAME "eglib"
| #define PACKAGE_VERSION "0.3"
| #define PACKAGE_STRING "eglib 0.3"
| #define PACKAGE_BUGREPORT "http://bugzilla.xamarin.com/enter_bug.cgi?classification=Mono"
| #define PACKAGE_URL ""
| #define PACKAGE "eglib"
| #define VERSION "0.3"
| #define STDC_HEADERS 1
| #define HAVE_SYS_TYPES_H 1
| #define HAVE_SYS_STAT_H 1
| #define HAVE_STDLIB_H 1
| #define HAVE_STRING_H 1
| #define HAVE_MEMORY_H 1
| #define HAVE_STRINGS_H 1
| #define HAVE_INTTYPES_H 1
| #define HAVE_STDINT_H 1
| #define HAVE_UNISTD_H 1
| #define LT_OBJDIR ".libs/"
| #define SIZEOF_INT 4
| #define SIZEOF_VOID_P 4
| #define SIZEOF_LONG 4
| #define SIZEOF_LONG_LONG 8
| /* end confdefs.h.  */
| /* Define strtok_r to an innocuous variant, in case <limits.h> declares strtok_r.
|    For example, HP-UX 11i <limits.h> declares gettimeofday.  */
| #define strtok_r innocuous_strtok_r
| 
| /* System header to define __stub macros and hopefully few prototypes,
|     which can conflict with char strtok_r (); below.
|     Prefer <limits.h> to <assert.h> if __STDC__ is defined, since
|     <limits.h> exists even on freestanding compilers.  */
| 
| #ifdef __STDC__
| # include <limits.h>
| #else
| # include <assert.h>
| #endif
| 
| #undef strtok_r
| 
| /* Override any GCC internal prototype to avoid an error.
|    Use char because int might match the return type of a GCC
|    builtin and then its argument prototype would still apply.  */
| #ifdef __cplusplus
| extern "C"
| #endif
| char strtok_r ();
| /* The GNU C library defines this for functions which it implements
|     to always fail with ENOSYS.  Some functions are actually named
|     something starting with __ and the normal name is an alias.  */
| #if defined __stub_strtok_r || defined __stub___strtok_r
| choke me
| #endif
| 
| int
| main ()
| {
| return strtok_r ();
|   ;
|   return 0;
| }
configure:13131: result: no
configure:13131: checking for rewinddir
configure:13131: i686-pc-mingw32-gcc -o conftest.exe -g -O2 -g -D_GNU_SOURCE   conftest.c  >&5
configure:13131: $? = 0
configure:13131: result: yes
configure:13131: checking for vasprintf
configure:13131: i686-pc-mingw32-gcc -o conftest.exe -g -O2 -g -D_GNU_SOURCE   conftest.c  >&5
/cygdrive/c/Users/Bondi/AppData/Local/Temp/ccre6IPp.o: In function `main':
/cygdrive/e/mono2/eglib/conftest.c:61: undefined reference to `vasprintf'
collect2: error: ld returned 1 exit status
configure:13131: $? = 1
configure: failed program was:
| /* confdefs.h */
| #define PACKAGE_NAME "eglib"
| #define PACKAGE_TARNAME "eglib"
| #define PACKAGE_VERSION "0.3"
| #define PACKAGE_STRING "eglib 0.3"
| #define PACKAGE_BUGREPORT "http://bugzilla.xamarin.com/enter_bug.cgi?classification=Mono"
| #define PACKAGE_URL ""
| #define PACKAGE "eglib"
| #define VERSION "0.3"
| #define STDC_HEADERS 1
| #define HAVE_SYS_TYPES_H 1
| #define HAVE_SYS_STAT_H 1
| #define HAVE_STDLIB_H 1
| #define HAVE_STRING_H 1
| #define HAVE_MEMORY_H 1
| #define HAVE_STRINGS_H 1
| #define HAVE_INTTYPES_H 1
| #define HAVE_STDINT_H 1
| #define HAVE_UNISTD_H 1
| #define LT_OBJDIR ".libs/"
| #define SIZEOF_INT 4
| #define SIZEOF_VOID_P 4
| #define SIZEOF_LONG 4
| #define SIZEOF_LONG_LONG 8
| #define HAVE_REWINDDIR 1
| /* end confdefs.h.  */
| /* Define vasprintf to an innocuous variant, in case <limits.h> declares vasprintf.
|    For example, HP-UX 11i <limits.h> declares gettimeofday.  */
| #define vasprintf innocuous_vasprintf
| 
| /* System header to define __stub macros and hopefully few prototypes,
|     which can conflict with char vasprintf (); below.
|     Prefer <limits.h> to <assert.h> if __STDC__ is defined, since
|     <limits.h> exists even on freestanding compilers.  */
| 
| #ifdef __STDC__
| # include <limits.h>
| #else
| # include <assert.h>
| #endif
| 
| #undef vasprintf
| 
| /* Override any GCC internal prototype to avoid an error.
|    Use char because int might match the return type of a GCC
|    builtin and then its argument prototype would still apply.  */
| #ifdef __cplusplus
| extern "C"
| #endif
| char vasprintf ();
| /* The GNU C library defines this for functions which it implements
|     to always fail with ENOSYS.  Some functions are actually named
|     something starting with __ and the normal name is an alias.  */
| #if defined __stub_vasprintf || defined __stub___vasprintf
| choke me
| #endif
| 
| int
| main ()
| {
| return vasprintf ();
|   ;
|   return 0;
| }
configure:13131: result: no
configure:13142: checking for getrlimit
configure:13142: i686-pc-mingw32-gcc -o conftest.exe -g -O2 -g -D_GNU_SOURCE   conftest.c  >&5
/cygdrive/c/Users/Bondi/AppData/Local/Temp/cc9MH64w.o: In function `main':
/cygdrive/e/mono2/eglib/conftest.c:61: undefined reference to `getrlimit'
collect2: error: ld returned 1 exit status
configure:13142: $? = 1
configure: failed program was:
| /* confdefs.h */
| #define PACKAGE_NAME "eglib"
| #define PACKAGE_TARNAME "eglib"
| #define PACKAGE_VERSION "0.3"
| #define PACKAGE_STRING "eglib 0.3"
| #define PACKAGE_BUGREPORT "http://bugzilla.xamarin.com/enter_bug.cgi?classification=Mono"
| #define PACKAGE_URL ""
| #define PACKAGE "eglib"
| #define VERSION "0.3"
| #define STDC_HEADERS 1
| #define HAVE_SYS_TYPES_H 1
| #define HAVE_SYS_STAT_H 1
| #define HAVE_STDLIB_H 1
| #define HAVE_STRING_H 1
| #define HAVE_MEMORY_H 1
| #define HAVE_STRINGS_H 1
| #define HAVE_INTTYPES_H 1
| #define HAVE_STDINT_H 1
| #define HAVE_UNISTD_H 1
| #define LT_OBJDIR ".libs/"
| #define SIZEOF_INT 4
| #define SIZEOF_VOID_P 4
| #define SIZEOF_LONG 4
| #define SIZEOF_LONG_LONG 8
| #define HAVE_REWINDDIR 1
| /* end confdefs.h.  */
| /* Define getrlimit to an innocuous variant, in case <limits.h> declares getrlimit.
|    For example, HP-UX 11i <limits.h> declares gettimeofday.  */
| #define getrlimit innocuous_getrlimit
| 
| /* System header to define __stub macros and hopefully few prototypes,
|     which can conflict with char getrlimit (); below.
|     Prefer <limits.h> to <assert.h> if __STDC__ is defined, since
|     <limits.h> exists even on freestanding compilers.  */
| 
| #ifdef __STDC__
| # include <limits.h>
| #else
| # include <assert.h>
| #endif
| 
| #undef getrlimit
| 
| /* Override any GCC internal prototype to avoid an error.
|    Use char because int might match the return type of a GCC
|    builtin and then its argument prototype would still apply.  */
| #ifdef __cplusplus
| extern "C"
| #endif
| char getrlimit ();
| /* The GNU C library defines this for functions which it implements
|     to always fail with ENOSYS.  Some functions are actually named
|     something starting with __ and the normal name is an alias.  */
| #if defined __stub_getrlimit || defined __stub___getrlimit
| choke me
| #endif
| 
| int
| main ()
| {
| return getrlimit ();
|   ;
|   return 0;
| }
configure:13142: result: no
configure:13175: checking for strndup
configure:13175: i686-pc-mingw32-gcc -o conftest.exe -g -O2 -g -D_GNU_SOURCE   conftest.c  >&5
conftest.c:50:6: warning: conflicting types for built-in function 'strndup' [enabled by default]
/cygdrive/c/Users/Bondi/AppData/Local/Temp/ccVsrdqF.o: In function `main':
/cygdrive/e/mono2/eglib/conftest.c:61: undefined reference to `strndup'
collect2: error: ld returned 1 exit status
configure:13175: $? = 1
configure: failed program was:
| /* confdefs.h */
| #define PACKAGE_NAME "eglib"
| #define PACKAGE_TARNAME "eglib"
| #define PACKAGE_VERSION "0.3"
| #define PACKAGE_STRING "eglib 0.3"
| #define PACKAGE_BUGREPORT "http://bugzilla.xamarin.com/enter_bug.cgi?classification=Mono"
| #define PACKAGE_URL ""
| #define PACKAGE "eglib"
| #define VERSION "0.3"
| #define STDC_HEADERS 1
| #define HAVE_SYS_TYPES_H 1
| #define HAVE_SYS_STAT_H 1
| #define HAVE_STDLIB_H 1
| #define HAVE_STRING_H 1
| #define HAVE_MEMORY_H 1
| #define HAVE_STRINGS_H 1
| #define HAVE_INTTYPES_H 1
| #define HAVE_STDINT_H 1
| #define HAVE_UNISTD_H 1
| #define LT_OBJDIR ".libs/"
| #define SIZEOF_INT 4
| #define SIZEOF_VOID_P 4
| #define SIZEOF_LONG 4
| #define SIZEOF_LONG_LONG 8
| #define HAVE_REWINDDIR 1
| /* end confdefs.h.  */
| /* Define strndup to an innocuous variant, in case <limits.h> declares strndup.
|    For example, HP-UX 11i <limits.h> declares gettimeofday.  */
| #define strndup innocuous_strndup
| 
| /* System header to define __stub macros and hopefully few prototypes,
|     which can conflict with char strndup (); below.
|     Prefer <limits.h> to <assert.h> if __STDC__ is defined, since
|     <limits.h> exists even on freestanding compilers.  */
| 
| #ifdef __STDC__
| # include <limits.h>
| #else
| # include <assert.h>
| #endif
| 
| #undef strndup
| 
| /* Override any GCC internal prototype to avoid an error.
|    Use char because int might match the return type of a GCC
|    builtin and then its argument prototype would still apply.  */
| #ifdef __cplusplus
| extern "C"
| #endif
| char strndup ();
| /* The GNU C library defines this for functions which it implements
|     to always fail with ENOSYS.  Some functions are actually named
|     something starting with __ and the normal name is an alias.  */
| #if defined __stub_strndup || defined __stub___strndup
| choke me
| #endif
| 
| int
| main ()
| {
| return strndup ();
|   ;
|   return 0;
| }
configure:13175: result: no
configure:13175: checking for getpwuid_r
configure:13175: i686-pc-mingw32-gcc -o conftest.exe -g -O2 -g -D_GNU_SOURCE   conftest.c  >&5
/cygdrive/c/Users/Bondi/AppData/Local/Temp/ccJ8Lifc.o: In function `main':
/cygdrive/e/mono2/eglib/conftest.c:61: undefined reference to `getpwuid_r'
collect2: error: ld returned 1 exit status
configure:13175: $? = 1
configure: failed program was:
| /* confdefs.h */
| #define PACKAGE_NAME "eglib"
| #define PACKAGE_TARNAME "eglib"
| #define PACKAGE_VERSION "0.3"
| #define PACKAGE_STRING "eglib 0.3"
| #define PACKAGE_BUGREPORT "http://bugzilla.xamarin.com/enter_bug.cgi?classification=Mono"
| #define PACKAGE_URL ""
| #define PACKAGE "eglib"
| #define VERSION "0.3"
| #define STDC_HEADERS 1
| #define HAVE_SYS_TYPES_H 1
| #define HAVE_SYS_STAT_H 1
| #define HAVE_STDLIB_H 1
| #define HAVE_STRING_H 1
| #define HAVE_MEMORY_H 1
| #define HAVE_STRINGS_H 1
| #define HAVE_INTTYPES_H 1
| #define HAVE_STDINT_H 1
| #define HAVE_UNISTD_H 1
| #define LT_OBJDIR ".libs/"
| #define SIZEOF_INT 4
| #define SIZEOF_VOID_P 4
| #define SIZEOF_LONG 4
| #define SIZEOF_LONG_LONG 8
| #define HAVE_REWINDDIR 1
| /* end confdefs.h.  */
| /* Define getpwuid_r to an innocuous variant, in case <limits.h> declares getpwuid_r.
|    For example, HP-UX 11i <limits.h> declares gettimeofday.  */
| #define getpwuid_r innocuous_getpwuid_r
| 
| /* System header to define __stub macros and hopefully few prototypes,
|     which can conflict with char getpwuid_r (); below.
|     Prefer <limits.h> to <assert.h> if __STDC__ is defined, since
|     <limits.h> exists even on freestanding compilers.  */
| 
| #ifdef __STDC__
| # include <limits.h>
| #else
| # include <assert.h>
| #endif
| 
| #undef getpwuid_r
| 
| /* Override any GCC internal prototype to avoid an error.
|    Use char because int might match the return type of a GCC
|    builtin and then its argument prototype would still apply.  */
| #ifdef __cplusplus
| extern "C"
| #endif
| char getpwuid_r ();
| /* The GNU C library defines this for functions which it implements
|     to always fail with ENOSYS.  Some functions are actually named
|     something starting with __ and the normal name is an alias.  */
| #if defined __stub_getpwuid_r || defined __stub___getpwuid_r
| choke me
| #endif
| 
| int
| main ()
| {
| return getpwuid_r ();
|   ;
|   return 0;
| }
configure:13175: result: no
configure:13234: checking for ld used by GCC
configure:13298: result: /usr/i686-pc-mingw32/bin/ld.exe
configure:13305: checking if the linker (/usr/i686-pc-mingw32/bin/ld.exe) is GNU ld
configure:13318: result: yes
configure:13325: checking for shared library run path origin
configure:13338: result: done
configure:13916: checking for iconv
configure:13938: i686-pc-mingw32-gcc -o conftest.exe -g -O2 -g -D_GNU_SOURCE   conftest.c  >&5
conftest.c:28:19: fatal error: iconv.h: No such file or directory
compilation terminated.
configure:13938: $? = 1
configure: failed program was:
| /* confdefs.h */
| #define PACKAGE_NAME "eglib"
| #define PACKAGE_TARNAME "eglib"
| #define PACKAGE_VERSION "0.3"
| #define PACKAGE_STRING "eglib 0.3"
| #define PACKAGE_BUGREPORT "http://bugzilla.xamarin.com/enter_bug.cgi?classification=Mono"
| #define PACKAGE_URL ""
| #define PACKAGE "eglib"
| #define VERSION "0.3"
| #define STDC_HEADERS 1
| #define HAVE_SYS_TYPES_H 1
| #define HAVE_SYS_STAT_H 1
| #define HAVE_STDLIB_H 1
| #define HAVE_STRING_H 1
| #define HAVE_MEMORY_H 1
| #define HAVE_STRINGS_H 1
| #define HAVE_INTTYPES_H 1
| #define HAVE_STDINT_H 1
| #define HAVE_UNISTD_H 1
| #define LT_OBJDIR ".libs/"
| #define SIZEOF_INT 4
| #define SIZEOF_VOID_P 4
| #define SIZEOF_LONG 4
| #define SIZEOF_LONG_LONG 8
| #define HAVE_REWINDDIR 1
| /* end confdefs.h.  */
| #include <stdlib.h>
| #include <iconv.h>
| int
| main ()
| {
| iconv_t cd = iconv_open("","");
|        iconv(cd,NULL,NULL,NULL,NULL);
|        iconv_close(cd);
|   ;
|   return 0;
| }
configure:13960: i686-pc-mingw32-gcc -o conftest.exe -g -O2 -g -D_GNU_SOURCE   conftest.c  -liconv >&5
conftest.c:28:19: fatal error: iconv.h: No such file or directory
compilation terminated.
configure:13960: $? = 1
configure: failed program was:
| /* confdefs.h */
| #define PACKAGE_NAME "eglib"
| #define PACKAGE_TARNAME "eglib"
| #define PACKAGE_VERSION "0.3"
| #define PACKAGE_STRING "eglib 0.3"
| #define PACKAGE_BUGREPORT "http://bugzilla.xamarin.com/enter_bug.cgi?classification=Mono"
| #define PACKAGE_URL ""
| #define PACKAGE "eglib"
| #define VERSION "0.3"
| #define STDC_HEADERS 1
| #define HAVE_SYS_TYPES_H 1
| #define HAVE_SYS_STAT_H 1
| #define HAVE_STDLIB_H 1
| #define HAVE_STRING_H 1
| #define HAVE_MEMORY_H 1
| #define HAVE_STRINGS_H 1
| #define HAVE_INTTYPES_H 1
| #define HAVE_STDINT_H 1
| #define HAVE_UNISTD_H 1
| #define LT_OBJDIR ".libs/"
| #define SIZEOF_INT 4
| #define SIZEOF_VOID_P 4
| #define SIZEOF_LONG 4
| #define SIZEOF_LONG_LONG 8
| #define HAVE_REWINDDIR 1
| /* end confdefs.h.  */
| #include <stdlib.h>
| #include <iconv.h>
| int
| main ()
| {
| iconv_t cd = iconv_open("","");
|          iconv(cd,NULL,NULL,NULL,NULL);
|          iconv_close(cd);
|   ;
|   return 0;
| }
configure:13970: result: no, consider installing GNU libiconv
configure:14158: checking for library containing sqrtf
configure:14189: i686-pc-mingw32-gcc -o conftest.exe -g -O2 -g -D_GNU_SOURCE   conftest.c  >&5
conftest.c:34:6: warning: conflicting types for built-in function 'sqrtf' [enabled by default]
/usr/i686-pc-mingw32/sys-root/mingw/lib/libmingwex.a(sqrtf.o): In function `sqrtf':
/usr/src/debug/mingw-runtime-4.0-1/src/libcrt/math/sqrtf.c:35: undefined reference to `__QNANF'
collect2: error: ld returned 1 exit status
configure:14189: $? = 1
configure: failed program was:
| /* confdefs.h */
| #define PACKAGE_NAME "eglib"
| #define PACKAGE_TARNAME "eglib"
| #define PACKAGE_VERSION "0.3"
| #define PACKAGE_STRING "eglib 0.3"
| #define PACKAGE_BUGREPORT "http://bugzilla.xamarin.com/enter_bug.cgi?classification=Mono"
| #define PACKAGE_URL ""
| #define PACKAGE "eglib"
| #define VERSION "0.3"
| #define STDC_HEADERS 1
| #define HAVE_SYS_TYPES_H 1
| #define HAVE_SYS_STAT_H 1
| #define HAVE_STDLIB_H 1
| #define HAVE_STRING_H 1
| #define HAVE_MEMORY_H 1
| #define HAVE_STRINGS_H 1
| #define HAVE_INTTYPES_H 1
| #define HAVE_STDINT_H 1
| #define HAVE_UNISTD_H 1
| #define LT_OBJDIR ".libs/"
| #define SIZEOF_INT 4
| #define SIZEOF_VOID_P 4
| #define SIZEOF_LONG 4
| #define SIZEOF_LONG_LONG 8
| #define HAVE_REWINDDIR 1
| /* end confdefs.h.  */
| 
| /* Override any GCC internal prototype to avoid an error.
|    Use char because int might match the return type of a GCC
|    builtin and then its argument prototype would still apply.  */
| #ifdef __cplusplus
| extern "C"
| #endif
| char sqrtf ();
| int
| main ()
| {
| return sqrtf ();
|   ;
|   return 0;
| }
configure:14189: i686-pc-mingw32-gcc -o conftest.exe -g -O2 -g -D_GNU_SOURCE   conftest.c -lm   >&5
conftest.c:34:6: warning: conflicting types for built-in function 'sqrtf' [enabled by default]
/usr/i686-pc-mingw32/sys-root/mingw/lib/libmingwex.a(sqrtf.o): In function `sqrtf':
/usr/src/debug/mingw-runtime-4.0-1/src/libcrt/math/sqrtf.c:35: undefined reference to `__QNANF'
collect2: error: ld returned 1 exit status
configure:14189: $? = 1
configure: failed program was:
| /* confdefs.h */
| #define PACKAGE_NAME "eglib"
| #define PACKAGE_TARNAME "eglib"
| #define PACKAGE_VERSION "0.3"
| #define PACKAGE_STRING "eglib 0.3"
| #define PACKAGE_BUGREPORT "http://bugzilla.xamarin.com/enter_bug.cgi?classification=Mono"
| #define PACKAGE_URL ""
| #define PACKAGE "eglib"
| #define VERSION "0.3"
| #define STDC_HEADERS 1
| #define HAVE_SYS_TYPES_H 1
| #define HAVE_SYS_STAT_H 1
| #define HAVE_STDLIB_H 1
| #define HAVE_STRING_H 1
| #define HAVE_MEMORY_H 1
| #define HAVE_STRINGS_H 1
| #define HAVE_INTTYPES_H 1
| #define HAVE_STDINT_H 1
| #define HAVE_UNISTD_H 1
| #define LT_OBJDIR ".libs/"
| #define SIZEOF_INT 4
| #define SIZEOF_VOID_P 4
| #define SIZEOF_LONG 4
| #define SIZEOF_LONG_LONG 8
| #define HAVE_REWINDDIR 1
| /* end confdefs.h.  */
| 
| /* Override any GCC internal prototype to avoid an error.
|    Use char because int might match the return type of a GCC
|    builtin and then its argument prototype would still apply.  */
| #ifdef __cplusplus
| extern "C"
| #endif
| char sqrtf ();
| int
| main ()
| {
| return sqrtf ();
|   ;
|   return 0;
| }
configure:14206: result: no
configure:14216: checking for library containing nanosleep
configure:14247: i686-pc-mingw32-gcc -o conftest.exe -g -O2 -g -D_GNU_SOURCE   conftest.c  >&5
/cygdrive/c/Users/Bondi/AppData/Local/Temp/ccFvWKIu.o: In function `main':
/cygdrive/e/mono2/eglib/conftest.c:38: undefined reference to `nanosleep'
collect2: error: ld returned 1 exit status
configure:14247: $? = 1
configure: failed program was:
| /* confdefs.h */
| #define PACKAGE_NAME "eglib"
| #define PACKAGE_TARNAME "eglib"
| #define PACKAGE_VERSION "0.3"
| #define PACKAGE_STRING "eglib 0.3"
| #define PACKAGE_BUGREPORT "http://bugzilla.xamarin.com/enter_bug.cgi?classification=Mono"
| #define PACKAGE_URL ""
| #define PACKAGE "eglib"
| #define VERSION "0.3"
| #define STDC_HEADERS 1
| #define HAVE_SYS_TYPES_H 1
| #define HAVE_SYS_STAT_H 1
| #define HAVE_STDLIB_H 1
| #define HAVE_STRING_H 1
| #define HAVE_MEMORY_H 1
| #define HAVE_STRINGS_H 1
| #define HAVE_INTTYPES_H 1
| #define HAVE_STDINT_H 1
| #define HAVE_UNISTD_H 1
| #define LT_OBJDIR ".libs/"
| #define SIZEOF_INT 4
| #define SIZEOF_VOID_P 4
| #define SIZEOF_LONG 4
| #define SIZEOF_LONG_LONG 8
| #define HAVE_REWINDDIR 1
| /* end confdefs.h.  */
| 
| /* Override any GCC internal prototype to avoid an error.
|    Use char because int might match the return type of a GCC
|    builtin and then its argument prototype would still apply.  */
| #ifdef __cplusplus
| extern "C"
| #endif
| char nanosleep ();
| int
| main ()
| {
| return nanosleep ();
|   ;
|   return 0;
| }
configure:14247: i686-pc-mingw32-gcc -o conftest.exe -g -O2 -g -D_GNU_SOURCE   conftest.c -lrt   >&5
/usr/lib/gcc/i686-pc-mingw32/4.7.3/../../../../i686-pc-mingw32/bin/ld: cannot find -lrt
collect2: error: ld returned 1 exit status
configure:14247: $? = 1
configure: failed program was:
| /* confdefs.h */
| #define PACKAGE_NAME "eglib"
| #define PACKAGE_TARNAME "eglib"
| #define PACKAGE_VERSION "0.3"
| #define PACKAGE_STRING "eglib 0.3"
| #define PACKAGE_BUGREPORT "http://bugzilla.xamarin.com/enter_bug.cgi?classification=Mono"
| #define PACKAGE_URL ""
| #define PACKAGE "eglib"
| #define VERSION "0.3"
| #define STDC_HEADERS 1
| #define HAVE_SYS_TYPES_H 1
| #define HAVE_SYS_STAT_H 1
| #define HAVE_STDLIB_H 1
| #define HAVE_STRING_H 1
| #define HAVE_MEMORY_H 1
| #define HAVE_STRINGS_H 1
| #define HAVE_INTTYPES_H 1
| #define HAVE_STDINT_H 1
| #define HAVE_UNISTD_H 1
| #define LT_OBJDIR ".libs/"
| #define SIZEOF_INT 4
| #define SIZEOF_VOID_P 4
| #define SIZEOF_LONG 4
| #define SIZEOF_LONG_LONG 8
| #define HAVE_REWINDDIR 1
| /* end confdefs.h.  */
| 
| /* Override any GCC internal prototype to avoid an error.
|    Use char because int might match the return type of a GCC
|    builtin and then its argument prototype would still apply.  */
| #ifdef __cplusplus
| extern "C"
| #endif
| char nanosleep ();
| int
| main ()
| {
| return nanosleep ();
|   ;
|   return 0;
| }
configure:14264: result: no
configure:14273: checking for library containing dlopen
configure:14304: i686-pc-mingw32-gcc -o conftest.exe -g -O2 -g -D_GNU_SOURCE   conftest.c  >&5
/cygdrive/c/Users/Bondi/AppData/Local/Temp/ccF4YoJy.o: In function `main':
/cygdrive/e/mono2/eglib/conftest.c:38: undefined reference to `dlopen'
collect2: error: ld returned 1 exit status
configure:14304: $? = 1
configure: failed program was:
| /* confdefs.h */
| #define PACKAGE_NAME "eglib"
| #define PACKAGE_TARNAME "eglib"
| #define PACKAGE_VERSION "0.3"
| #define PACKAGE_STRING "eglib 0.3"
| #define PACKAGE_BUGREPORT "http://bugzilla.xamarin.com/enter_bug.cgi?classification=Mono"
| #define PACKAGE_URL ""
| #define PACKAGE "eglib"
| #define VERSION "0.3"
| #define STDC_HEADERS 1
| #define HAVE_SYS_TYPES_H 1
| #define HAVE_SYS_STAT_H 1
| #define HAVE_STDLIB_H 1
| #define HAVE_STRING_H 1
| #define HAVE_MEMORY_H 1
| #define HAVE_STRINGS_H 1
| #define HAVE_INTTYPES_H 1
| #define HAVE_STDINT_H 1
| #define HAVE_UNISTD_H 1
| #define LT_OBJDIR ".libs/"
| #define SIZEOF_INT 4
| #define SIZEOF_VOID_P 4
| #define SIZEOF_LONG 4
| #define SIZEOF_LONG_LONG 8
| #define HAVE_REWINDDIR 1
| /* end confdefs.h.  */
| 
| /* Override any GCC internal prototype to avoid an error.
|    Use char because int might match the return type of a GCC
|    builtin and then its argument prototype would still apply.  */
| #ifdef __cplusplus
| extern "C"
| #endif
| char dlopen ();
| int
| main ()
| {
| return dlopen ();
|   ;
|   return 0;
| }
configure:14304: i686-pc-mingw32-gcc -o conftest.exe -g -O2 -g -D_GNU_SOURCE   conftest.c -ldl   >&5
/usr/lib/gcc/i686-pc-mingw32/4.7.3/../../../../i686-pc-mingw32/bin/ld: cannot find -ldl
collect2: error: ld returned 1 exit status
configure:14304: $? = 1
configure: failed program was:
| /* confdefs.h */
| #define PACKAGE_NAME "eglib"
| #define PACKAGE_TARNAME "eglib"
| #define PACKAGE_VERSION "0.3"
| #define PACKAGE_STRING "eglib 0.3"
| #define PACKAGE_BUGREPORT "http://bugzilla.xamarin.com/enter_bug.cgi?classification=Mono"
| #define PACKAGE_URL ""
| #define PACKAGE "eglib"
| #define VERSION "0.3"
| #define STDC_HEADERS 1
| #define HAVE_SYS_TYPES_H 1
| #define HAVE_SYS_STAT_H 1
| #define HAVE_STDLIB_H 1
| #define HAVE_STRING_H 1
| #define HAVE_MEMORY_H 1
| #define HAVE_STRINGS_H 1
| #define HAVE_INTTYPES_H 1
| #define HAVE_STDINT_H 1
| #define HAVE_UNISTD_H 1
| #define LT_OBJDIR ".libs/"
| #define SIZEOF_INT 4
| #define SIZEOF_VOID_P 4
| #define SIZEOF_LONG 4
| #define SIZEOF_LONG_LONG 8
| #define HAVE_REWINDDIR 1
| /* end confdefs.h.  */
| 
| /* Override any GCC internal prototype to avoid an error.
|    Use char because int might match the return type of a GCC
|    builtin and then its argument prototype would still apply.  */
| #ifdef __cplusplus
| extern "C"
| #endif
| char dlopen ();
| int
| main ()
| {
| return dlopen ();
|   ;
|   return 0;
| }
configure:14321: result: no
configure:14342: i686-pc-mingw32-gcc -o conftest.exe -g -O2 -g -D_GNU_SOURCE   -Wl,-export-dynamic conftest.c  >&5
/usr/lib/gcc/i686-pc-mingw32/4.7.3/../../../../i686-pc-mingw32/bin/ld: warning: --export-dynamic is not supported for PE targets, did you mean --export-all-symbols?
configure:14342: $? = 0
configure:14353: checking for varargs macros
configure:14372: i686-pc-mingw32-gcc -c -g -O2 -g -D_GNU_SOURCE  conftest.c >&5
configure:14372: $? = 0
configure:14378: result: yes
configure:14389: checking getopt.h usability
configure:14389: i686-pc-mingw32-gcc -c -g -O2 -g -D_GNU_SOURCE  conftest.c >&5
configure:14389: $? = 0
configure:14389: result: yes
configure:14389: checking getopt.h presence
configure:14389: i686-pc-mingw32-gcc -E  conftest.c
configure:14389: $? = 0
configure:14389: result: yes
configure:14389: checking for getopt.h
configure:14389: result: yes
configure:14389: checking sys/select.h usability
configure:14389: i686-pc-mingw32-gcc -c -g -O2 -g -D_GNU_SOURCE  conftest.c >&5
conftest.c:61:24: fatal error: sys/select.h: No such file or directory
compilation terminated.
configure:14389: $? = 1
configure: failed program was:
| /* confdefs.h */
| #define PACKAGE_NAME "eglib"
| #define PACKAGE_TARNAME "eglib"
| #define PACKAGE_VERSION "0.3"
| #define PACKAGE_STRING "eglib 0.3"
| #define PACKAGE_BUGREPORT "http://bugzilla.xamarin.com/enter_bug.cgi?classification=Mono"
| #define PACKAGE_URL ""
| #define PACKAGE "eglib"
| #define VERSION "0.3"
| #define STDC_HEADERS 1
| #define HAVE_SYS_TYPES_H 1
| #define HAVE_SYS_STAT_H 1
| #define HAVE_STDLIB_H 1
| #define HAVE_STRING_H 1
| #define HAVE_MEMORY_H 1
| #define HAVE_STRINGS_H 1
| #define HAVE_INTTYPES_H 1
| #define HAVE_STDINT_H 1
| #define HAVE_UNISTD_H 1
| #define LT_OBJDIR ".libs/"
| #define SIZEOF_INT 4
| #define SIZEOF_VOID_P 4
| #define SIZEOF_LONG 4
| #define SIZEOF_LONG_LONG 8
| #define HAVE_REWINDDIR 1
| #define HAVE_GETOPT_H 1
| /* end confdefs.h.  */
| #include <stdio.h>
| #ifdef HAVE_SYS_TYPES_H
| # include <sys/types.h>
| #endif
| #ifdef HAVE_SYS_STAT_H
| # include <sys/stat.h>
| #endif
| #ifdef STDC_HEADERS
| # include <stdlib.h>
| # include <stddef.h>
| #else
| # ifdef HAVE_STDLIB_H
| #  include <stdlib.h>
| # endif
| #endif
| #ifdef HAVE_STRING_H
| # if !defined STDC_HEADERS && defined HAVE_MEMORY_H
| #  include <memory.h>
| # endif
| # include <string.h>
| #endif
| #ifdef HAVE_STRINGS_H
| # include <strings.h>
| #endif
| #ifdef HAVE_INTTYPES_H
| # include <inttypes.h>
| #endif
| #ifdef HAVE_STDINT_H
| # include <stdint.h>
| #endif
| #ifdef HAVE_UNISTD_H
| # include <unistd.h>
| #endif
| #include <sys/select.h>
configure:14389: result: no
configure:14389: checking sys/select.h presence
configure:14389: i686-pc-mingw32-gcc -E  conftest.c
conftest.c:28:24: fatal error: sys/select.h: No such file or directory
compilation terminated.
configure:14389: $? = 1
configure: failed program was:
| /* confdefs.h */
| #define PACKAGE_NAME "eglib"
| #define PACKAGE_TARNAME "eglib"
| #define PACKAGE_VERSION "0.3"
| #define PACKAGE_STRING "eglib 0.3"
| #define PACKAGE_BUGREPORT "http://bugzilla.xamarin.com/enter_bug.cgi?classification=Mono"
| #define PACKAGE_URL ""
| #define PACKAGE "eglib"
| #define VERSION "0.3"
| #define STDC_HEADERS 1
| #define HAVE_SYS_TYPES_H 1
| #define HAVE_SYS_STAT_H 1
| #define HAVE_STDLIB_H 1
| #define HAVE_STRING_H 1
| #define HAVE_MEMORY_H 1
| #define HAVE_STRINGS_H 1
| #define HAVE_INTTYPES_H 1
| #define HAVE_STDINT_H 1
| #define HAVE_UNISTD_H 1
| #define LT_OBJDIR ".libs/"
| #define SIZEOF_INT 4
| #define SIZEOF_VOID_P 4
| #define SIZEOF_LONG 4
| #define SIZEOF_LONG_LONG 8
| #define HAVE_REWINDDIR 1
| #define HAVE_GETOPT_H 1
| /* end confdefs.h.  */
| #include <sys/select.h>
configure:14389: result: no
configure:14389: checking for sys/select.h
configure:14389: result: no
configure:14389: checking sys/time.h usability
configure:14389: i686-pc-mingw32-gcc -c -g -O2 -g -D_GNU_SOURCE  conftest.c >&5
configure:14389: $? = 0
configure:14389: result: yes
configure:14389: checking sys/time.h presence
configure:14389: i686-pc-mingw32-gcc -E  conftest.c
configure:14389: $? = 0
configure:14389: result: yes
configure:14389: checking for sys/time.h
configure:14389: result: yes
configure:14389: checking sys/wait.h usability
configure:14389: i686-pc-mingw32-gcc -c -g -O2 -g -D_GNU_SOURCE  conftest.c >&5
conftest.c:62:22: fatal error: sys/wait.h: No such file or directory
compilation terminated.
configure:14389: $? = 1
configure: failed program was:
| /* confdefs.h */
| #define PACKAGE_NAME "eglib"
| #define PACKAGE_TARNAME "eglib"
| #define PACKAGE_VERSION "0.3"
| #define PACKAGE_STRING "eglib 0.3"
| #define PACKAGE_BUGREPORT "http://bugzilla.xamarin.com/enter_bug.cgi?classification=Mono"
| #define PACKAGE_URL ""
| #define PACKAGE "eglib"
| #define VERSION "0.3"
| #define STDC_HEADERS 1
| #define HAVE_SYS_TYPES_H 1
| #define HAVE_SYS_STAT_H 1
| #define HAVE_STDLIB_H 1
| #define HAVE_STRING_H 1
| #define HAVE_MEMORY_H 1
| #define HAVE_STRINGS_H 1
| #define HAVE_INTTYPES_H 1
| #define HAVE_STDINT_H 1
| #define HAVE_UNISTD_H 1
| #define LT_OBJDIR ".libs/"
| #define SIZEOF_INT 4
| #define SIZEOF_VOID_P 4
| #define SIZEOF_LONG 4
| #define SIZEOF_LONG_LONG 8
| #define HAVE_REWINDDIR 1
| #define HAVE_GETOPT_H 1
| #define HAVE_SYS_TIME_H 1
| /* end confdefs.h.  */
| #include <stdio.h>
| #ifdef HAVE_SYS_TYPES_H
| # include <sys/types.h>
| #endif
| #ifdef HAVE_SYS_STAT_H
| # include <sys/stat.h>
| #endif
| #ifdef STDC_HEADERS
| # include <stdlib.h>
| # include <stddef.h>
| #else
| # ifdef HAVE_STDLIB_H
| #  include <stdlib.h>
| # endif
| #endif
| #ifdef HAVE_STRING_H
| # if !defined STDC_HEADERS && defined HAVE_MEMORY_H
| #  include <memory.h>
| # endif
| # include <string.h>
| #endif
| #ifdef HAVE_STRINGS_H
| # include <strings.h>
| #endif
| #ifdef HAVE_INTTYPES_H
| # include <inttypes.h>
| #endif
| #ifdef HAVE_STDINT_H
| # include <stdint.h>
| #endif
| #ifdef HAVE_UNISTD_H
| # include <unistd.h>
| #endif
| #include <sys/wait.h>
configure:14389: result: no
configure:14389: checking sys/wait.h presence
configure:14389: i686-pc-mingw32-gcc -E  conftest.c
conftest.c:29:22: fatal error: sys/wait.h: No such file or directory
compilation terminated.
configure:14389: $? = 1
configure: failed program was:
| /* confdefs.h */
| #define PACKAGE_NAME "eglib"
| #define PACKAGE_TARNAME "eglib"
| #define PACKAGE_VERSION "0.3"
| #define PACKAGE_STRING "eglib 0.3"
| #define PACKAGE_BUGREPORT "http://bugzilla.xamarin.com/enter_bug.cgi?classification=Mono"
| #define PACKAGE_URL ""
| #define PACKAGE "eglib"
| #define VERSION "0.3"
| #define STDC_HEADERS 1
| #define HAVE_SYS_TYPES_H 1
| #define HAVE_SYS_STAT_H 1
| #define HAVE_STDLIB_H 1
| #define HAVE_STRING_H 1
| #define HAVE_MEMORY_H 1
| #define HAVE_STRINGS_H 1
| #define HAVE_INTTYPES_H 1
| #define HAVE_STDINT_H 1
| #define HAVE_UNISTD_H 1
| #define LT_OBJDIR ".libs/"
| #define SIZEOF_INT 4
| #define SIZEOF_VOID_P 4
| #define SIZEOF_LONG 4
| #define SIZEOF_LONG_LONG 8
| #define HAVE_REWINDDIR 1
| #define HAVE_GETOPT_H 1
| #define HAVE_SYS_TIME_H 1
| /* end confdefs.h.  */
| #include <sys/wait.h>
configure:14389: result: no
configure:14389: checking for sys/wait.h
configure:14389: result: no
configure:14389: checking pwd.h usability
configure:14389: i686-pc-mingw32-gcc -c -g -O2 -g -D_GNU_SOURCE  conftest.c >&5
conftest.c:62:17: fatal error: pwd.h: No such file or directory
compilation terminated.
configure:14389: $? = 1
configure: failed program was:
| /* confdefs.h */
| #define PACKAGE_NAME "eglib"
| #define PACKAGE_TARNAME "eglib"
| #define PACKAGE_VERSION "0.3"
| #define PACKAGE_STRING "eglib 0.3"
| #define PACKAGE_BUGREPORT "http://bugzilla.xamarin.com/enter_bug.cgi?classification=Mono"
| #define PACKAGE_URL ""
| #define PACKAGE "eglib"
| #define VERSION "0.3"
| #define STDC_HEADERS 1
| #define HAVE_SYS_TYPES_H 1
| #define HAVE_SYS_STAT_H 1
| #define HAVE_STDLIB_H 1
| #define HAVE_STRING_H 1
| #define HAVE_MEMORY_H 1
| #define HAVE_STRINGS_H 1
| #define HAVE_INTTYPES_H 1
| #define HAVE_STDINT_H 1
| #define HAVE_UNISTD_H 1
| #define LT_OBJDIR ".libs/"
| #define SIZEOF_INT 4
| #define SIZEOF_VOID_P 4
| #define SIZEOF_LONG 4
| #define SIZEOF_LONG_LONG 8
| #define HAVE_REWINDDIR 1
| #define HAVE_GETOPT_H 1
| #define HAVE_SYS_TIME_H 1
| /* end confdefs.h.  */
| #include <stdio.h>
| #ifdef HAVE_SYS_TYPES_H
| # include <sys/types.h>
| #endif
| #ifdef HAVE_SYS_STAT_H
| # include <sys/stat.h>
| #endif
| #ifdef STDC_HEADERS
| # include <stdlib.h>
| # include <stddef.h>
| #else
| # ifdef HAVE_STDLIB_H
| #  include <stdlib.h>
| # endif
| #endif
| #ifdef HAVE_STRING_H
| # if !defined STDC_HEADERS && defined HAVE_MEMORY_H
| #  include <memory.h>
| # endif
| # include <string.h>
| #endif
| #ifdef HAVE_STRINGS_H
| # include <strings.h>
| #endif
| #ifdef HAVE_INTTYPES_H
| # include <inttypes.h>
| #endif
| #ifdef HAVE_STDINT_H
| # include <stdint.h>
| #endif
| #ifdef HAVE_UNISTD_H
| # include <unistd.h>
| #endif
| #include <pwd.h>
configure:14389: result: no
configure:14389: checking pwd.h presence
configure:14389: i686-pc-mingw32-gcc -E  conftest.c
conftest.c:29:17: fatal error: pwd.h: No such file or directory
compilation terminated.
configure:14389: $? = 1
configure: failed program was:
| /* confdefs.h */
| #define PACKAGE_NAME "eglib"
| #define PACKAGE_TARNAME "eglib"
| #define PACKAGE_VERSION "0.3"
| #define PACKAGE_STRING "eglib 0.3"
| #define PACKAGE_BUGREPORT "http://bugzilla.xamarin.com/enter_bug.cgi?classification=Mono"
| #define PACKAGE_URL ""
| #define PACKAGE "eglib"
| #define VERSION "0.3"
| #define STDC_HEADERS 1
| #define HAVE_SYS_TYPES_H 1
| #define HAVE_SYS_STAT_H 1
| #define HAVE_STDLIB_H 1
| #define HAVE_STRING_H 1
| #define HAVE_MEMORY_H 1
| #define HAVE_STRINGS_H 1
| #define HAVE_INTTYPES_H 1
| #define HAVE_STDINT_H 1
| #define HAVE_UNISTD_H 1
| #define LT_OBJDIR ".libs/"
| #define SIZEOF_INT 4
| #define SIZEOF_VOID_P 4
| #define SIZEOF_LONG 4
| #define SIZEOF_LONG_LONG 8
| #define HAVE_REWINDDIR 1
| #define HAVE_GETOPT_H 1
| #define HAVE_SYS_TIME_H 1
| /* end confdefs.h.  */
| #include <pwd.h>
configure:14389: result: no
configure:14389: checking for pwd.h
configure:14389: result: no
configure:14389: checking langinfo.h usability
configure:14389: i686-pc-mingw32-gcc -c -g -O2 -g -D_GNU_SOURCE  conftest.c >&5
conftest.c:62:22: fatal error: langinfo.h: No such file or directory
compilation terminated.
configure:14389: $? = 1
configure: failed program was:
| /* confdefs.h */
| #define PACKAGE_NAME "eglib"
| #define PACKAGE_TARNAME "eglib"
| #define PACKAGE_VERSION "0.3"
| #define PACKAGE_STRING "eglib 0.3"
| #define PACKAGE_BUGREPORT "http://bugzilla.xamarin.com/enter_bug.cgi?classification=Mono"
| #define PACKAGE_URL ""
| #define PACKAGE "eglib"
| #define VERSION "0.3"
| #define STDC_HEADERS 1
| #define HAVE_SYS_TYPES_H 1
| #define HAVE_SYS_STAT_H 1
| #define HAVE_STDLIB_H 1
| #define HAVE_STRING_H 1
| #define HAVE_MEMORY_H 1
| #define HAVE_STRINGS_H 1
| #define HAVE_INTTYPES_H 1
| #define HAVE_STDINT_H 1
| #define HAVE_UNISTD_H 1
| #define LT_OBJDIR ".libs/"
| #define SIZEOF_INT 4
| #define SIZEOF_VOID_P 4
| #define SIZEOF_LONG 4
| #define SIZEOF_LONG_LONG 8
| #define HAVE_REWINDDIR 1
| #define HAVE_GETOPT_H 1
| #define HAVE_SYS_TIME_H 1
| /* end confdefs.h.  */
| #include <stdio.h>
| #ifdef HAVE_SYS_TYPES_H
| # include <sys/types.h>
| #endif
| #ifdef HAVE_SYS_STAT_H
| # include <sys/stat.h>
| #endif
| #ifdef STDC_HEADERS
| # include <stdlib.h>
| # include <stddef.h>
| #else
| # ifdef HAVE_STDLIB_H
| #  include <stdlib.h>
| # endif
| #endif
| #ifdef HAVE_STRING_H
| # if !defined STDC_HEADERS && defined HAVE_MEMORY_H
| #  include <memory.h>
| # endif
| # include <string.h>
| #endif
| #ifdef HAVE_STRINGS_H
| # include <strings.h>
| #endif
| #ifdef HAVE_INTTYPES_H
| # include <inttypes.h>
| #endif
| #ifdef HAVE_STDINT_H
| # include <stdint.h>
| #endif
| #ifdef HAVE_UNISTD_H
| # include <unistd.h>
| #endif
| #include <langinfo.h>
configure:14389: result: no
configure:14389: checking langinfo.h presence
configure:14389: i686-pc-mingw32-gcc -E  conftest.c
conftest.c:29:22: fatal error: langinfo.h: No such file or directory
compilation terminated.
configure:14389: $? = 1
configure: failed program was:
| /* confdefs.h */
| #define PACKAGE_NAME "eglib"
| #define PACKAGE_TARNAME "eglib"
| #define PACKAGE_VERSION "0.3"
| #define PACKAGE_STRING "eglib 0.3"
| #define PACKAGE_BUGREPORT "http://bugzilla.xamarin.com/enter_bug.cgi?classification=Mono"
| #define PACKAGE_URL ""
| #define PACKAGE "eglib"
| #define VERSION "0.3"
| #define STDC_HEADERS 1
| #define HAVE_SYS_TYPES_H 1
| #define HAVE_SYS_STAT_H 1
| #define HAVE_STDLIB_H 1
| #define HAVE_STRING_H 1
| #define HAVE_MEMORY_H 1
| #define HAVE_STRINGS_H 1
| #define HAVE_INTTYPES_H 1
| #define HAVE_STDINT_H 1
| #define HAVE_UNISTD_H 1
| #define LT_OBJDIR ".libs/"
| #define SIZEOF_INT 4
| #define SIZEOF_VOID_P 4
| #define SIZEOF_LONG 4
| #define SIZEOF_LONG_LONG 8
| #define HAVE_REWINDDIR 1
| #define HAVE_GETOPT_H 1
| #define HAVE_SYS_TIME_H 1
| /* end confdefs.h.  */
| #include <langinfo.h>
configure:14389: result: no
configure:14389: checking for langinfo.h
configure:14389: result: no
configure:14389: checking iconv.h usability
configure:14389: i686-pc-mingw32-gcc -c -g -O2 -g -D_GNU_SOURCE  conftest.c >&5
conftest.c:62:19: fatal error: iconv.h: No such file or directory
compilation terminated.
configure:14389: $? = 1
configure: failed program was:
| /* confdefs.h */
| #define PACKAGE_NAME "eglib"
| #define PACKAGE_TARNAME "eglib"
| #define PACKAGE_VERSION "0.3"
| #define PACKAGE_STRING "eglib 0.3"
| #define PACKAGE_BUGREPORT "http://bugzilla.xamarin.com/enter_bug.cgi?classification=Mono"
| #define PACKAGE_URL ""
| #define PACKAGE "eglib"
| #define VERSION "0.3"
| #define STDC_HEADERS 1
| #define HAVE_SYS_TYPES_H 1
| #define HAVE_SYS_STAT_H 1
| #define HAVE_STDLIB_H 1
| #define HAVE_STRING_H 1
| #define HAVE_MEMORY_H 1
| #define HAVE_STRINGS_H 1
| #define HAVE_INTTYPES_H 1
| #define HAVE_STDINT_H 1
| #define HAVE_UNISTD_H 1
| #define LT_OBJDIR ".libs/"
| #define SIZEOF_INT 4
| #define SIZEOF_VOID_P 4
| #define SIZEOF_LONG 4
| #define SIZEOF_LONG_LONG 8
| #define HAVE_REWINDDIR 1
| #define HAVE_GETOPT_H 1
| #define HAVE_SYS_TIME_H 1
| /* end confdefs.h.  */
| #include <stdio.h>
| #ifdef HAVE_SYS_TYPES_H
| # include <sys/types.h>
| #endif
| #ifdef HAVE_SYS_STAT_H
| # include <sys/stat.h>
| #endif
| #ifdef STDC_HEADERS
| # include <stdlib.h>
| # include <stddef.h>
| #else
| # ifdef HAVE_STDLIB_H
| #  include <stdlib.h>
| # endif
| #endif
| #ifdef HAVE_STRING_H
| # if !defined STDC_HEADERS && defined HAVE_MEMORY_H
| #  include <memory.h>
| # endif
| # include <string.h>
| #endif
| #ifdef HAVE_STRINGS_H
| # include <strings.h>
| #endif
| #ifdef HAVE_INTTYPES_H
| # include <inttypes.h>
| #endif
| #ifdef HAVE_STDINT_H
| # include <stdint.h>
| #endif
| #ifdef HAVE_UNISTD_H
| # include <unistd.h>
| #endif
| #include <iconv.h>
configure:14389: result: no
configure:14389: checking iconv.h presence
configure:14389: i686-pc-mingw32-gcc -E  conftest.c
conftest.c:29:19: fatal error: iconv.h: No such file or directory
compilation terminated.
configure:14389: $? = 1
configure: failed program was:
| /* confdefs.h */
| #define PACKAGE_NAME "eglib"
| #define PACKAGE_TARNAME "eglib"
| #define PACKAGE_VERSION "0.3"
| #define PACKAGE_STRING "eglib 0.3"
| #define PACKAGE_BUGREPORT "http://bugzilla.xamarin.com/enter_bug.cgi?classification=Mono"
| #define PACKAGE_URL ""
| #define PACKAGE "eglib"
| #define VERSION "0.3"
| #define STDC_HEADERS 1
| #define HAVE_SYS_TYPES_H 1
| #define HAVE_SYS_STAT_H 1
| #define HAVE_STDLIB_H 1
| #define HAVE_STRING_H 1
| #define HAVE_MEMORY_H 1
| #define HAVE_STRINGS_H 1
| #define HAVE_INTTYPES_H 1
| #define HAVE_STDINT_H 1
| #define HAVE_UNISTD_H 1
| #define LT_OBJDIR ".libs/"
| #define SIZEOF_INT 4
| #define SIZEOF_VOID_P 4
| #define SIZEOF_LONG 4
| #define SIZEOF_LONG_LONG 8
| #define HAVE_REWINDDIR 1
| #define HAVE_GETOPT_H 1
| #define HAVE_SYS_TIME_H 1
| /* end confdefs.h.  */
| #include <iconv.h>
configure:14389: result: no
configure:14389: checking for iconv.h
configure:14389: result: no
configure:14389: checking localcharset.h usability
configure:14389: i686-pc-mingw32-gcc -c -g -O2 -g -D_GNU_SOURCE  conftest.c >&5
conftest.c:62:26: fatal error: localcharset.h: No such file or directory
compilation terminated.
configure:14389: $? = 1
configure: failed program was:
| /* confdefs.h */
| #define PACKAGE_NAME "eglib"
| #define PACKAGE_TARNAME "eglib"
| #define PACKAGE_VERSION "0.3"
| #define PACKAGE_STRING "eglib 0.3"
| #define PACKAGE_BUGREPORT "http://bugzilla.xamarin.com/enter_bug.cgi?classification=Mono"
| #define PACKAGE_URL ""
| #define PACKAGE "eglib"
| #define VERSION "0.3"
| #define STDC_HEADERS 1
| #define HAVE_SYS_TYPES_H 1
| #define HAVE_SYS_STAT_H 1
| #define HAVE_STDLIB_H 1
| #define HAVE_STRING_H 1
| #define HAVE_MEMORY_H 1
| #define HAVE_STRINGS_H 1
| #define HAVE_INTTYPES_H 1
| #define HAVE_STDINT_H 1
| #define HAVE_UNISTD_H 1
| #define LT_OBJDIR ".libs/"
| #define SIZEOF_INT 4
| #define SIZEOF_VOID_P 4
| #define SIZEOF_LONG 4
| #define SIZEOF_LONG_LONG 8
| #define HAVE_REWINDDIR 1
| #define HAVE_GETOPT_H 1
| #define HAVE_SYS_TIME_H 1
| /* end confdefs.h.  */
| #include <stdio.h>
| #ifdef HAVE_SYS_TYPES_H
| # include <sys/types.h>
| #endif
| #ifdef HAVE_SYS_STAT_H
| # include <sys/stat.h>
| #endif
| #ifdef STDC_HEADERS
| # include <stdlib.h>
| # include <stddef.h>
| #else
| # ifdef HAVE_STDLIB_H
| #  include <stdlib.h>
| # endif
| #endif
| #ifdef HAVE_STRING_H
| # if !defined STDC_HEADERS && defined HAVE_MEMORY_H
| #  include <memory.h>
| # endif
| # include <string.h>
| #endif
| #ifdef HAVE_STRINGS_H
| # include <strings.h>
| #endif
| #ifdef HAVE_INTTYPES_H
| # include <inttypes.h>
| #endif
| #ifdef HAVE_STDINT_H
| # include <stdint.h>
| #endif
| #ifdef HAVE_UNISTD_H
| # include <unistd.h>
| #endif
| #include <localcharset.h>
configure:14389: result: no
configure:14389: checking localcharset.h presence
configure:14389: i686-pc-mingw32-gcc -E  conftest.c
conftest.c:29:26: fatal error: localcharset.h: No such file or directory
compilation terminated.
configure:14389: $? = 1
configure: failed program was:
| /* confdefs.h */
| #define PACKAGE_NAME "eglib"
| #define PACKAGE_TARNAME "eglib"
| #define PACKAGE_VERSION "0.3"
| #define PACKAGE_STRING "eglib 0.3"
| #define PACKAGE_BUGREPORT "http://bugzilla.xamarin.com/enter_bug.cgi?classification=Mono"
| #define PACKAGE_URL ""
| #define PACKAGE "eglib"
| #define VERSION "0.3"
| #define STDC_HEADERS 1
| #define HAVE_SYS_TYPES_H 1
| #define HAVE_SYS_STAT_H 1
| #define HAVE_STDLIB_H 1
| #define HAVE_STRING_H 1
| #define HAVE_MEMORY_H 1
| #define HAVE_STRINGS_H 1
| #define HAVE_INTTYPES_H 1
| #define HAVE_STDINT_H 1
| #define HAVE_UNISTD_H 1
| #define LT_OBJDIR ".libs/"
| #define SIZEOF_INT 4
| #define SIZEOF_VOID_P 4
| #define SIZEOF_LONG 4
| #define SIZEOF_LONG_LONG 8
| #define HAVE_REWINDDIR 1
| #define HAVE_GETOPT_H 1
| #define HAVE_SYS_TIME_H 1
| /* end confdefs.h.  */
| #include <localcharset.h>
configure:14389: result: no
configure:14389: checking for localcharset.h
configure:14389: result: no
configure:14389: checking for sys/types.h
configure:14389: result: yes
configure:14389: checking sys/resource.h usability
configure:14389: i686-pc-mingw32-gcc -c -g -O2 -g -D_GNU_SOURCE  conftest.c >&5
conftest.c:63:26: fatal error: sys/resource.h: No such file or directory
compilation terminated.
configure:14389: $? = 1
configure: failed program was:
| /* confdefs.h */
| #define PACKAGE_NAME "eglib"
| #define PACKAGE_TARNAME "eglib"
| #define PACKAGE_VERSION "0.3"
| #define PACKAGE_STRING "eglib 0.3"
| #define PACKAGE_BUGREPORT "http://bugzilla.xamarin.com/enter_bug.cgi?classification=Mono"
| #define PACKAGE_URL ""
| #define PACKAGE "eglib"
| #define VERSION "0.3"
| #define STDC_HEADERS 1
| #define HAVE_SYS_TYPES_H 1
| #define HAVE_SYS_STAT_H 1
| #define HAVE_STDLIB_H 1
| #define HAVE_STRING_H 1
| #define HAVE_MEMORY_H 1
| #define HAVE_STRINGS_H 1
| #define HAVE_INTTYPES_H 1
| #define HAVE_STDINT_H 1
| #define HAVE_UNISTD_H 1
| #define LT_OBJDIR ".libs/"
| #define SIZEOF_INT 4
| #define SIZEOF_VOID_P 4
| #define SIZEOF_LONG 4
| #define SIZEOF_LONG_LONG 8
| #define HAVE_REWINDDIR 1
| #define HAVE_GETOPT_H 1
| #define HAVE_SYS_TIME_H 1
| #define HAVE_SYS_TYPES_H 1
| /* end confdefs.h.  */
| #include <stdio.h>
| #ifdef HAVE_SYS_TYPES_H
| # include <sys/types.h>
| #endif
| #ifdef HAVE_SYS_STAT_H
| # include <sys/stat.h>
| #endif
| #ifdef STDC_HEADERS
| # include <stdlib.h>
| # include <stddef.h>
| #else
| # ifdef HAVE_STDLIB_H
| #  include <stdlib.h>
| # endif
| #endif
| #ifdef HAVE_STRING_H
| # if !defined STDC_HEADERS && defined HAVE_MEMORY_H
| #  include <memory.h>
| # endif
| # include <string.h>
| #endif
| #ifdef HAVE_STRINGS_H
| # include <strings.h>
| #endif
| #ifdef HAVE_INTTYPES_H
| # include <inttypes.h>
| #endif
| #ifdef HAVE_STDINT_H
| # include <stdint.h>
| #endif
| #ifdef HAVE_UNISTD_H
| # include <unistd.h>
| #endif
| #include <sys/resource.h>
configure:14389: result: no
configure:14389: checking sys/resource.h presence
configure:14389: i686-pc-mingw32-gcc -E  conftest.c
conftest.c:30:26: fatal error: sys/resource.h: No such file or directory
compilation terminated.
configure:14389: $? = 1
configure: failed program was:
| /* confdefs.h */
| #define PACKAGE_NAME "eglib"
| #define PACKAGE_TARNAME "eglib"
| #define PACKAGE_VERSION "0.3"
| #define PACKAGE_STRING "eglib 0.3"
| #define PACKAGE_BUGREPORT "http://bugzilla.xamarin.com/enter_bug.cgi?classification=Mono"
| #define PACKAGE_URL ""
| #define PACKAGE "eglib"
| #define VERSION "0.3"
| #define STDC_HEADERS 1
| #define HAVE_SYS_TYPES_H 1
| #define HAVE_SYS_STAT_H 1
| #define HAVE_STDLIB_H 1
| #define HAVE_STRING_H 1
| #define HAVE_MEMORY_H 1
| #define HAVE_STRINGS_H 1
| #define HAVE_INTTYPES_H 1
| #define HAVE_STDINT_H 1
| #define HAVE_UNISTD_H 1
| #define LT_OBJDIR ".libs/"
| #define SIZEOF_INT 4
| #define SIZEOF_VOID_P 4
| #define SIZEOF_LONG 4
| #define SIZEOF_LONG_LONG 8
| #define HAVE_REWINDDIR 1
| #define HAVE_GETOPT_H 1
| #define HAVE_SYS_TIME_H 1
| #define HAVE_SYS_TYPES_H 1
| /* end confdefs.h.  */
| #include <sys/resource.h>
configure:14389: result: no
configure:14389: checking for sys/resource.h
configure:14389: result: no
configure:14399: checking alloca.h usability
configure:14399: i686-pc-mingw32-gcc -c -g -O2 -g -D_GNU_SOURCE  conftest.c >&5
conftest.c:63:20: fatal error: alloca.h: No such file or directory
compilation terminated.
configure:14399: $? = 1
configure: failed program was:
| /* confdefs.h */
| #define PACKAGE_NAME "eglib"
| #define PACKAGE_TARNAME "eglib"
| #define PACKAGE_VERSION "0.3"
| #define PACKAGE_STRING "eglib 0.3"
| #define PACKAGE_BUGREPORT "http://bugzilla.xamarin.com/enter_bug.cgi?classification=Mono"
| #define PACKAGE_URL ""
| #define PACKAGE "eglib"
| #define VERSION "0.3"
| #define STDC_HEADERS 1
| #define HAVE_SYS_TYPES_H 1
| #define HAVE_SYS_STAT_H 1
| #define HAVE_STDLIB_H 1
| #define HAVE_STRING_H 1
| #define HAVE_MEMORY_H 1
| #define HAVE_STRINGS_H 1
| #define HAVE_INTTYPES_H 1
| #define HAVE_STDINT_H 1
| #define HAVE_UNISTD_H 1
| #define LT_OBJDIR ".libs/"
| #define SIZEOF_INT 4
| #define SIZEOF_VOID_P 4
| #define SIZEOF_LONG 4
| #define SIZEOF_LONG_LONG 8
| #define HAVE_REWINDDIR 1
| #define HAVE_GETOPT_H 1
| #define HAVE_SYS_TIME_H 1
| #define HAVE_SYS_TYPES_H 1
| /* end confdefs.h.  */
| #include <stdio.h>
| #ifdef HAVE_SYS_TYPES_H
| # include <sys/types.h>
| #endif
| #ifdef HAVE_SYS_STAT_H
| # include <sys/stat.h>
| #endif
| #ifdef STDC_HEADERS
| # include <stdlib.h>
| # include <stddef.h>
| #else
| # ifdef HAVE_STDLIB_H
| #  include <stdlib.h>
| # endif
| #endif
| #ifdef HAVE_STRING_H
| # if !defined STDC_HEADERS && defined HAVE_MEMORY_H
| #  include <memory.h>
| # endif
| # include <string.h>
| #endif
| #ifdef HAVE_STRINGS_H
| # include <strings.h>
| #endif
| #ifdef HAVE_INTTYPES_H
| # include <inttypes.h>
| #endif
| #ifdef HAVE_STDINT_H
| # include <stdint.h>
| #endif
| #ifdef HAVE_UNISTD_H
| # include <unistd.h>
| #endif
| #include <alloca.h>
configure:14399: result: no
configure:14399: checking alloca.h presence
configure:14399: i686-pc-mingw32-gcc -E  conftest.c
conftest.c:30:20: fatal error: alloca.h: No such file or directory
compilation terminated.
configure:14399: $? = 1
configure: failed program was:
| /* confdefs.h */
| #define PACKAGE_NAME "eglib"
| #define PACKAGE_TARNAME "eglib"
| #define PACKAGE_VERSION "0.3"
| #define PACKAGE_STRING "eglib 0.3"
| #define PACKAGE_BUGREPORT "http://bugzilla.xamarin.com/enter_bug.cgi?classification=Mono"
| #define PACKAGE_URL ""
| #define PACKAGE "eglib"
| #define VERSION "0.3"
| #define STDC_HEADERS 1
| #define HAVE_SYS_TYPES_H 1
| #define HAVE_SYS_STAT_H 1
| #define HAVE_STDLIB_H 1
| #define HAVE_STRING_H 1
| #define HAVE_MEMORY_H 1
| #define HAVE_STRINGS_H 1
| #define HAVE_INTTYPES_H 1
| #define HAVE_STDINT_H 1
| #define HAVE_UNISTD_H 1
| #define LT_OBJDIR ".libs/"
| #define SIZEOF_INT 4
| #define SIZEOF_VOID_P 4
| #define SIZEOF_LONG 4
| #define SIZEOF_LONG_LONG 8
| #define HAVE_REWINDDIR 1
| #define HAVE_GETOPT_H 1
| #define HAVE_SYS_TIME_H 1
| #define HAVE_SYS_TYPES_H 1
| /* end confdefs.h.  */
| #include <alloca.h>
configure:14399: result: no
configure:14399: checking for alloca.h
configure:14399: result: no
configure:14448: checking for pkg-config
configure:14466: found /usr/bin/pkg-config
configure:14479: result: /usr/bin/pkg-config
configure:14639: checking that generated files are newer than configure
configure:14645: result: done
configure:14697: creating ./config.status

## ---------------------- ##
## Running config.status. ##
## ---------------------- ##

This file was extended by eglib config.status 0.3, which was
generated by GNU Autoconf 2.69.  Invocation command line was

  CONFIG_FILES    = 
  CONFIG_HEADERS  = 
  CONFIG_LINKS    = 
  CONFIG_COMMANDS = 
  $ ./config.status 

on FBondi

config.status:1154: creating Makefile
config.status:1154: creating m4/Makefile
config.status:1154: creating src/Makefile
config.status:1154: creating src/eglib-config.h
config.status:1154: creating test/Makefile
config.status:1154: creating config.h
config.status:1335: config.h is unchanged
config.status:1383: executing depfiles commands
config.status:1383: executing libtool commands

## ---------------- ##
## Cache variables. ##
## ---------------- ##

ac_cv_build=x86_64-unknown-cygwin
ac_cv_c_bigendian=no
ac_cv_c_compiler_gnu=yes
ac_cv_env_CC_set=
ac_cv_env_CC_value=
ac_cv_env_CFLAGS_set=
ac_cv_env_CFLAGS_value=
ac_cv_env_CPPFLAGS_set=
ac_cv_env_CPPFLAGS_value=
ac_cv_env_CPP_set=
ac_cv_env_CPP_value=
ac_cv_env_LDFLAGS_set=
ac_cv_env_LDFLAGS_value=
ac_cv_env_LIBS_set=
ac_cv_env_LIBS_value=
ac_cv_env_LT_SYS_LIBRARY_PATH_set=
ac_cv_env_LT_SYS_LIBRARY_PATH_value=
ac_cv_env_build_alias_set=
ac_cv_env_build_alias_value=
ac_cv_env_host_alias_set=set
ac_cv_env_host_alias_value=i686-pc-mingw32
ac_cv_env_target_alias_set=
ac_cv_env_target_alias_value=
ac_cv_exeext=.exe
ac_cv_func_getpwuid_r=no
ac_cv_func_getrlimit=no
ac_cv_func_rewinddir=yes
ac_cv_func_stpcpy=no
ac_cv_func_strlcpy=no
ac_cv_func_strndup=no
ac_cv_func_strtok_r=no
ac_cv_func_vasprintf=no
ac_cv_header_alloca_h=no
ac_cv_header_dlfcn_h=no
ac_cv_header_getopt_h=yes
ac_cv_header_iconv_h=no
ac_cv_header_inttypes_h=yes
ac_cv_header_langinfo_h=no
ac_cv_header_localcharset_h=no
ac_cv_header_memory_h=yes
ac_cv_header_pwd_h=no
ac_cv_header_stdc=yes
ac_cv_header_stdint_h=yes
ac_cv_header_stdlib_h=yes
ac_cv_header_string_h=yes
ac_cv_header_strings_h=yes
ac_cv_header_sys_resource_h=no
ac_cv_header_sys_select_h=no
ac_cv_header_sys_stat_h=yes
ac_cv_header_sys_time_h=yes
ac_cv_header_sys_types_h=yes
ac_cv_header_sys_wait_h=no
ac_cv_header_unistd_h=yes
ac_cv_host=i686-pc-mingw32
ac_cv_objext=o
ac_cv_path_DOLT_BASH=/usr/bin/bash
ac_cv_path_EGREP='/usr/bin/grep -E'
ac_cv_path_FGREP='/usr/bin/grep -F'
ac_cv_path_GREP=/usr/bin/grep
ac_cv_path_PKG_CONFIG=/usr/bin/pkg-config
ac_cv_path_SED=/usr/bin/sed
ac_cv_path_install='/usr/bin/install -c'
ac_cv_path_lt_DD=/usr/bin/dd
ac_cv_path_mkdir=/usr/bin/mkdir
ac_cv_prog_AR=i686-pc-mingw32-ar
ac_cv_prog_AWK=gawk
ac_cv_prog_CC=i686-pc-mingw32-gcc
ac_cv_prog_CPP='i686-pc-mingw32-gcc -E'
ac_cv_prog_DLLTOOL=i686-pc-mingw32-dlltool
ac_cv_prog_OBJDUMP=i686-pc-mingw32-objdump
ac_cv_prog_RANLIB=i686-pc-mingw32-ranlib
ac_cv_prog_STRIP=i686-pc-mingw32-strip
ac_cv_prog_cc_c89=
ac_cv_prog_cc_g=yes
ac_cv_prog_make_make_set=yes
ac_cv_search_dlopen=no
ac_cv_search_nanosleep=no
ac_cv_search_sqrtf=no
ac_cv_sizeof_int=4
ac_cv_sizeof_long=4
ac_cv_sizeof_long_long=8
ac_cv_sizeof_void_p=4
ac_cv_target=i686-pc-mingw32
acl_cv_hardcode_direct=no
acl_cv_hardcode_libdir_flag_spec='-L$libdir'
acl_cv_hardcode_libdir_separator=
acl_cv_hardcode_minus_L=no
acl_cv_libext=a
acl_cv_libname_spec='lib$name'
acl_cv_library_names_spec='$libname.dll.a $libname.lib'
acl_cv_path_LD=/usr/i686-pc-mingw32/bin/ld.exe
acl_cv_prog_gnu_ld=yes
acl_cv_rpath=done
acl_cv_shlibext=dll
acl_cv_wl=-Wl,
am_cv_CC_dependencies_compiler_type=gcc3
am_cv_func_iconv='no, consider installing GNU libiconv'
am_cv_lib_iconv=no
am_cv_make_support_nested_variables=yes
am_cv_prog_cc_c_o=yes
am_cv_prog_tar_ustar=gnutar
lt_cv_ar_at_file=@
lt_cv_archive_cmds_need_lc=yes
lt_cv_deplibs_check_method='file_magic ^x86 archive import|^x86 DLL'
lt_cv_file_magic_cmd=func_win32_libid
lt_cv_file_magic_test_file=
lt_cv_ld_reload_flag=-r
lt_cv_nm_interface='BSD nm'
lt_cv_objdir=.libs
lt_cv_path_LD=/usr/i686-pc-mingw32/bin/ld.exe
lt_cv_path_NM='/usr/bin/i686-pc-mingw32-nm -B'
lt_cv_path_mainfest_tool=no
lt_cv_prog_compiler_c_o=yes
lt_cv_prog_compiler_pic='-DDLL_EXPORT -DPIC'
lt_cv_prog_compiler_pic_works=yes
lt_cv_prog_compiler_rtti_exceptions=no
lt_cv_prog_compiler_static_works=yes
lt_cv_prog_gnu_ld=yes
lt_cv_sharedlib_from_linklib_cmd=func_cygming_dll_for_implib
lt_cv_sys_global_symbol_pipe='sed -n -e '\''s/^.*[	 ]\([ABCDGIRSTW][ABCDGIRSTW]*\)[	 ][	 ]*_\([_A-Za-z][_A-Za-z0-9]*\)$/\1 _\2 \2/p'\'' | sed '\''/ __gnu_lto/d'\'''
lt_cv_sys_global_symbol_to_c_name_address='sed -n -e '\''s/^: \(.*\) .*$/  {"\1", (void *) 0},/p'\'' -e '\''s/^[ABCDGIRSTW][ABCDGIRSTW]* .* \(.*\)$/  {"\1", (void *) \&\1},/p'\'''
lt_cv_sys_global_symbol_to_c_name_address_lib_prefix='sed -n -e '\''s/^: \(.*\) .*$/  {"\1", (void *) 0},/p'\'' -e '\''s/^[ABCDGIRSTW][ABCDGIRSTW]* .* \(lib.*\)$/  {"\1", (void *) \&\1},/p'\'' -e '\''s/^[ABCDGIRSTW][ABCDGIRSTW]* .* \(.*\)$/  {"lib\1", (void *) \&\1},/p'\'''
lt_cv_sys_global_symbol_to_cdecl='sed -n -e '\''s/^T .* \(.*\)$/extern int \1();/p'\'' -e '\''s/^[ABCDGIRSTW][ABCDGIRSTW]* .* \(.*\)$/extern char \1;/p'\'''
lt_cv_sys_global_symbol_to_import=
lt_cv_sys_max_cmd_len=8192
lt_cv_to_host_file_cmd=func_convert_file_cygwin_to_w32
lt_cv_to_tool_file_cmd=func_convert_file_noop
lt_cv_truncate_bin='/usr/bin/dd bs=4096 count=1'

## ----------------- ##
## Output variables. ##
## ----------------- ##

ACLOCAL='${SHELL} /cygdrive/e/mono2/missing aclocal-1.14'
AMDEPBACKSLASH='\'
AMDEP_FALSE='#'
AMDEP_TRUE=''
AMTAR='$${TAR-tar}'
AM_BACKSLASH='\'
AM_DEFAULT_V='$(AM_DEFAULT_VERBOSITY)'
AM_DEFAULT_VERBOSITY='0'
AM_V='$(V)'
AR='i686-pc-mingw32-ar'
AUTOCONF='${SHELL} /cygdrive/e/mono2/missing autoconf'
AUTOHEADER='${SHELL} /cygdrive/e/mono2/missing autoheader'
AUTOMAKE='${SHELL} /cygdrive/e/mono2/missing automake-1.14'
AWK='gawk'
BREAKPOINT='G_STMT_START { __asm__ ("int $03"); } G_STMT_END'
CC='i686-pc-mingw32-gcc'
CCDEPMODE='depmode=gcc3'
CFLAGS='-g -O2 -g -D_GNU_SOURCE'
CPP='i686-pc-mingw32-gcc -E'
CPPFLAGS=''
CROSS_COMPILING_FALSE=''
CROSS_COMPILING_TRUE='#'
CYGPATH_W='cygpath -w'
DEFS='-DHAVE_CONFIG_H'
DEPDIR='.deps'
DLLTOOL='i686-pc-mingw32-dlltool'
DOLT_BASH='/usr/bin/bash'
DSYMUTIL=''
DUMPBIN=''
ECHO_C=''
ECHO_N='-n'
ECHO_T=''
EGREP='/usr/bin/grep -E'
EXEEXT='.exe'
FGREP='/usr/bin/grep -F'
GINT_TO_POINTER='((gpointer) (v))'
GNUC_NORETURN='__attribute__((__noreturn__))'
GNUC_PRETTY=''
GNUC_UNUSED='__attribute__((__unused__))'
GPOINTER_TO_INT='((gint) (ptr))'
GPOINTER_TO_UINT='((guint) (ptr))'
GREP='/usr/bin/grep'
GSIZE='int'
GSIZE_FORMAT='"u"'
GUINT_TO_POINTER='((gpointer) (v))'
G_GINT32_FORMAT='"ld"'
G_GINT64_FORMAT='"lld"'
G_GUINT32_FORMAT='"lu"'
G_GUINT64_FORMAT='"llu"'
G_HAVE_ISO_VARARGS='1'
HAVE_ALLOCA_H='0'
HOST_WIN32_FALSE='#'
HOST_WIN32_TRUE=''
INSTALL_DATA='${INSTALL} -m 644'
INSTALL_PROGRAM='${INSTALL}'
INSTALL_SCRIPT='${INSTALL}'
INSTALL_STRIP_PROGRAM='$(install_sh) -c -s'
LD='/usr/i686-pc-mingw32/bin/ld.exe'
LDFLAGS=' -Wl,-export-dynamic'
LIBICONV=''
LIBOBJS=''
LIBS=''
LIBTOOL='$(top_builddir)/doltlibtool'
LIPO=''
LN_S='ln -s'
LTCOMPILE='$(top_builddir)/doltcompile $(COMPILE)'
LTCXXCOMPILE='$(top_builddir)/doltcompile $(CXXCOMPILE)'
LTLIBICONV=''
LTLIBOBJS=''
LT_SYS_LIBRARY_PATH=''
MAINT=''
MAINTAINER_MODE_FALSE='#'
MAINTAINER_MODE_TRUE=''
MAKEINFO='${SHELL} /cygdrive/e/mono2/missing makeinfo'
MANIFEST_TOOL=':'
MKDIR_P='/usr/bin/mkdir -p'
NEED_VASPRINTF_FALSE='#'
NEED_VASPRINTF_TRUE=''
NM='/usr/bin/i686-pc-mingw32-nm -B'
NMEDIT=''
OBJDUMP='i686-pc-mingw32-objdump'
OBJEXT='o'
ORDER='G_LITTLE_ENDIAN'
OS='WIN32'
OTOOL64=''
OTOOL=''
PACKAGE='eglib'
PACKAGE_BUGREPORT='http://bugzilla.xamarin.com/enter_bug.cgi?classification=Mono'
PACKAGE_NAME='eglib'
PACKAGE_STRING='eglib 0.3'
PACKAGE_TARNAME='eglib'
PACKAGE_URL=''
PACKAGE_VERSION='0.3'
PATHSEP='\\'
PATH_SEPARATOR=':'
PIDTYPE='void *'
PKG_CONFIG='/usr/bin/pkg-config'
PLATFORM_ANDROID_FALSE=''
PLATFORM_ANDROID_TRUE='#'
PLATFORM_DARWIN_FALSE=''
PLATFORM_DARWIN_TRUE='#'
RANLIB='i686-pc-mingw32-ranlib'
SEARCHSEP=';'
SED='/usr/bin/sed'
SET_MAKE=''
SHELL='/bin/sh'
STRIP='i686-pc-mingw32-strip'
TARGET_WIN32_FALSE='#'
TARGET_WIN32_TRUE=''
VERSION='0.3'
WERROR_CFLAGS=''
ac_ct_AR=''
ac_ct_CC=''
ac_ct_DUMPBIN=''
am__EXEEXT_FALSE='#'
am__EXEEXT_TRUE=''
am__fastdepCC_FALSE='#'
am__fastdepCC_TRUE=''
am__include='include'
am__isrc=''
am__leading_dot='.'
am__nodep='_no'
am__quote=''
am__tar='tar --format=ustar -chf - "$$tardir"'
am__untar='tar -xf -'
bindir='${exec_prefix}/bin'
build='x86_64-unknown-cygwin'
build_alias=''
build_cpu='x86_64'
build_os='cygwin'
build_vendor='unknown'
datadir='${datarootdir}'
datarootdir='${prefix}/share'
docdir='${datarootdir}/doc/${PACKAGE_TARNAME}'
dvidir='${docdir}'
exec_prefix='${prefix}'
host='i686-pc-mingw32'
host_alias='i686-pc-mingw32'
host_cpu='i686'
host_os='mingw32'
host_vendor='pc'
htmldir='${docdir}'
includedir='${prefix}/include'
infodir='${datarootdir}/info'
install_sh='${SHELL} /cygdrive/e/mono2/install-sh'
libdir='${exec_prefix}/lib'
libexecdir='${exec_prefix}/libexec'
localedir='${datarootdir}/locale'
localstatedir='${prefix}/var'
mandir='${datarootdir}/man'
mkdir_p='$(MKDIR_P)'
oldincludedir='/usr/include'
pdfdir='${docdir}'
prefix='/cygdrive/d/Development/Tools/mono'
program_transform_name='s,x,x,'
psdir='${docdir}'
sbindir='${exec_prefix}/sbin'
sharedstatedir='${prefix}/com'
sysconfdir='${prefix}/etc'
target='i686-pc-mingw32'
target_alias=''
target_cpu='i686'
target_os='mingw32'
target_vendor='pc'

## ----------- ##
## confdefs.h. ##
## ----------- ##

/* confdefs.h */
#define PACKAGE_NAME "eglib"
#define PACKAGE_TARNAME "eglib"
#define PACKAGE_VERSION "0.3"
#define PACKAGE_STRING "eglib 0.3"
#define PACKAGE_BUGREPORT "http://bugzilla.xamarin.com/enter_bug.cgi?classification=Mono"
#define PACKAGE_URL ""
#define PACKAGE "eglib"
#define VERSION "0.3"
#define STDC_HEADERS 1
#define HAVE_SYS_TYPES_H 1
#define HAVE_SYS_STAT_H 1
#define HAVE_STDLIB_H 1
#define HAVE_STRING_H 1
#define HAVE_MEMORY_H 1
#define HAVE_STRINGS_H 1
#define HAVE_INTTYPES_H 1
#define HAVE_STDINT_H 1
#define HAVE_UNISTD_H 1
#define LT_OBJDIR ".libs/"
#define SIZEOF_INT 4
#define SIZEOF_VOID_P 4
#define SIZEOF_LONG 4
#define SIZEOF_LONG_LONG 8
#define HAVE_REWINDDIR 1
#define HAVE_GETOPT_H 1
#define HAVE_SYS_TIME_H 1
#define HAVE_SYS_TYPES_H 1

configure: exit 0

## ---------------------- ##
## Running config.status. ##
## ---------------------- ##

This file was extended by eglib config.status 0.3, which was
generated by GNU Autoconf 2.69.  Invocation command line was

  CONFIG_FILES    = 
  CONFIG_HEADERS  = 
  CONFIG_LINKS    = 
  CONFIG_COMMANDS = 
  $ ./config.status config.h

on FBondi

config.status:1154: creating config.h
config.status:1335: config.h is unchanged
